CRITICAL - 2021-05-09 12:49:46 --> Undefined variable: id1
#0 D:\wamp64\www\HappyPunch\app\Views\pages\reserva.php(3): CodeIgniter\Debug\Exceptions->errorHandler(8, 'Undefined varia...', 'D:\\wamp64\\www\\H...', 3, Array)
#1 D:\wamp64\www\HappyPunch\system\View\View.php(220): include('D:\\wamp64\\www\\H...')
#2 D:\wamp64\www\HappyPunch\system\View\View.php(222): CodeIgniter\View\View->CodeIgniter\View\{closure}()
#3 D:\wamp64\www\HappyPunch\system\Common.php(1217): CodeIgniter\View\View->render('pages/reserva', Array, true)
#4 D:\wamp64\www\HappyPunch\app\Controllers\Pages.php(37): view('pages/reserva', Array)
#5 D:\wamp64\www\HappyPunch\system\CodeIgniter.php(936): App\Controllers\Pages->reserva()
#6 D:\wamp64\www\HappyPunch\system\CodeIgniter.php(432): CodeIgniter\CodeIgniter->runController(Object(App\Controllers\Pages))
#7 D:\wamp64\www\HappyPunch\system\CodeIgniter.php(333): CodeIgniter\CodeIgniter->handleRequest(NULL, Object(Config\Cache), false)
#8 D:\wamp64\www\HappyPunch\index.php(44): CodeIgniter\CodeIgniter->run()
#9 {main}
CRITICAL - 2021-05-09 12:49:47 --> Undefined variable: id1
#0 D:\wamp64\www\HappyPunch\app\Views\pages\material.php(3): CodeIgniter\Debug\Exceptions->errorHandler(8, 'Undefined varia...', 'D:\\wamp64\\www\\H...', 3, Array)
#1 D:\wamp64\www\HappyPunch\system\View\View.php(220): include('D:\\wamp64\\www\\H...')
#2 D:\wamp64\www\HappyPunch\system\View\View.php(222): CodeIgniter\View\View->CodeIgniter\View\{closure}()
#3 D:\wamp64\www\HappyPunch\system\Common.php(1217): CodeIgniter\View\View->render('pages/material', Array, true)
#4 D:\wamp64\www\HappyPunch\app\Controllers\Pages.php(54): view('pages/material', Array)
#5 D:\wamp64\www\HappyPunch\system\CodeIgniter.php(936): App\Controllers\Pages->material()
#6 D:\wamp64\www\HappyPunch\system\CodeIgniter.php(432): CodeIgniter\CodeIgniter->runController(Object(App\Controllers\Pages))
#7 D:\wamp64\www\HappyPunch\system\CodeIgniter.php(333): CodeIgniter\CodeIgniter->handleRequest(NULL, Object(Config\Cache), false)
#8 D:\wamp64\www\HappyPunch\index.php(44): CodeIgniter\CodeIgniter->run()
#9 {main}
CRITICAL - 2021-05-09 12:49:49 --> Undefined variable: id1
#0 D:\wamp64\www\HappyPunch\app\Views\pages\material.php(3): CodeIgniter\Debug\Exceptions->errorHandler(8, 'Undefined varia...', 'D:\\wamp64\\www\\H...', 3, Array)
#1 D:\wamp64\www\HappyPunch\system\View\View.php(220): include('D:\\wamp64\\www\\H...')
#2 D:\wamp64\www\HappyPunch\system\View\View.php(222): CodeIgniter\View\View->CodeIgniter\View\{closure}()
#3 D:\wamp64\www\HappyPunch\system\Common.php(1217): CodeIgniter\View\View->render('pages/material', Array, true)
#4 D:\wamp64\www\HappyPunch\app\Controllers\Pages.php(54): view('pages/material', Array)
#5 D:\wamp64\www\HappyPunch\system\CodeIgniter.php(936): App\Controllers\Pages->material()
#6 D:\wamp64\www\HappyPunch\system\CodeIgniter.php(432): CodeIgniter\CodeIgniter->runController(Object(App\Controllers\Pages))
#7 D:\wamp64\www\HappyPunch\system\CodeIgniter.php(333): CodeIgniter\CodeIgniter->handleRequest(NULL, Object(Config\Cache), false)
#8 D:\wamp64\www\HappyPunch\index.php(44): CodeIgniter\CodeIgniter->run()
#9 {main}
CRITICAL - 2021-05-09 17:09:35 --> syntax error, unexpected 'else' (T_ELSE)
#0 D:\wamp64\www\HappyPunch\system\Router\Router.php(170): CodeIgniter\Router\Router->autoRoute('user/login')
#1 D:\wamp64\www\HappyPunch\system\CodeIgniter.php(816): CodeIgniter\Router\Router->handle('user/login')
#2 D:\wamp64\www\HappyPunch\system\CodeIgniter.php(385): CodeIgniter\CodeIgniter->tryToRouteIt(Object(CodeIgniter\Router\RouteCollection))
#3 D:\wamp64\www\HappyPunch\system\CodeIgniter.php(333): CodeIgniter\CodeIgniter->handleRequest(NULL, Object(Config\Cache), false)
#4 D:\wamp64\www\HappyPunch\index.php(44): CodeIgniter\CodeIgniter->run()
#5 {main}
CRITICAL - 2021-05-09 17:10:51 --> syntax error, unexpected 'else' (T_ELSE)
#0 D:\wamp64\www\HappyPunch\system\Router\Router.php(170): CodeIgniter\Router\Router->autoRoute('user/login')
#1 D:\wamp64\www\HappyPunch\system\CodeIgniter.php(816): CodeIgniter\Router\Router->handle('user/login')
#2 D:\wamp64\www\HappyPunch\system\CodeIgniter.php(385): CodeIgniter\CodeIgniter->tryToRouteIt(Object(CodeIgniter\Router\RouteCollection))
#3 D:\wamp64\www\HappyPunch\system\CodeIgniter.php(333): CodeIgniter\CodeIgniter->handleRequest(NULL, Object(Config\Cache), false)
#4 D:\wamp64\www\HappyPunch\index.php(44): CodeIgniter\CodeIgniter->run()
#5 {main}
ERROR - 2021-05-09 17:16:27 --> mysqli_sql_exception: Table 'webapp.users' doesn't exist in D:\wamp64\www\HappyPunch\system\Database\MySQLi\Connection.php:314
Stack trace:
#0 D:\wamp64\www\HappyPunch\system\Database\MySQLi\Connection.php(314): mysqli->query('SELECT 1\nFROM `...')
#1 D:\wamp64\www\HappyPunch\system\Database\BaseConnection.php(713): CodeIgniter\Database\MySQLi\Connection->execute('SELECT 1\nFROM `...')
#2 D:\wamp64\www\HappyPunch\system\Database\BaseConnection.php(641): CodeIgniter\Database\BaseConnection->simpleQuery('SELECT 1\nFROM `...')
#3 D:\wamp64\www\HappyPunch\system\Database\BaseBuilder.php(1866): CodeIgniter\Database\BaseConnection->query('SELECT 1\nFROM `...', Array, false)
#4 D:\wamp64\www\HappyPunch\system\Validation\Rules.php(212): CodeIgniter\Database\BaseBuilder->get()
#5 D:\wamp64\www\HappyPunch\system\Validation\Validation.php(306): CodeIgniter\Validation\Rules->is_unique('admin@red.ujaen...', 'email', Array, NULL)
#6 D:\wamp64\www\HappyPunch\system\Validation\Validation.php(164): CodeIgniter\Validation\Validation->processRules('email', 'email', 'admin@red.ujaen...', Array, Array)
#7 D:\wamp64\www\HappyPunch\system\Controller.php(181): CodeIgniter\Validation\Validation->run()
#8 D:\wamp64\www\HappyPunch\app\Controllers\User.php(74): CodeIgniter\Controller->validate(Array)
#9 D:\wamp64\www\HappyPunch\system\CodeIgniter.php(936): App\Controllers\User->register()
#10 D:\wamp64\www\HappyPunch\system\CodeIgniter.php(432): CodeIgniter\CodeIgniter->runController(Object(App\Controllers\User))
#11 D:\wamp64\www\HappyPunch\system\CodeIgniter.php(333): CodeIgniter\CodeIgniter->handleRequest(NULL, Object(Config\Cache), false)
#12 D:\wamp64\www\HappyPunch\index.php(44): CodeIgniter\CodeIgniter->run()
#13 {main}
CRITICAL - 2021-05-09 17:16:27 --> Table 'webapp.users' doesn't exist
#0 D:\wamp64\www\HappyPunch\system\Database\MySQLi\Connection.php(314): mysqli->query('SELECT 1\nFROM `...')
#1 D:\wamp64\www\HappyPunch\system\Database\BaseConnection.php(713): CodeIgniter\Database\MySQLi\Connection->execute('SELECT 1\nFROM `...')
#2 D:\wamp64\www\HappyPunch\system\Database\BaseConnection.php(641): CodeIgniter\Database\BaseConnection->simpleQuery('SELECT 1\nFROM `...')
#3 D:\wamp64\www\HappyPunch\system\Database\BaseBuilder.php(1866): CodeIgniter\Database\BaseConnection->query('SELECT 1\nFROM `...', Array, false)
#4 D:\wamp64\www\HappyPunch\system\Validation\Rules.php(212): CodeIgniter\Database\BaseBuilder->get()
#5 D:\wamp64\www\HappyPunch\system\Validation\Validation.php(306): CodeIgniter\Validation\Rules->is_unique('admin@red.ujaen...', 'email', Array, NULL)
#6 D:\wamp64\www\HappyPunch\system\Validation\Validation.php(164): CodeIgniter\Validation\Validation->processRules('email', 'email', 'admin@red.ujaen...', Array, Array)
#7 D:\wamp64\www\HappyPunch\system\Controller.php(181): CodeIgniter\Validation\Validation->run()
#8 D:\wamp64\www\HappyPunch\app\Controllers\User.php(74): CodeIgniter\Controller->validate(Array)
#9 D:\wamp64\www\HappyPunch\system\CodeIgniter.php(936): App\Controllers\User->register()
#10 D:\wamp64\www\HappyPunch\system\CodeIgniter.php(432): CodeIgniter\CodeIgniter->runController(Object(App\Controllers\User))
#11 D:\wamp64\www\HappyPunch\system\CodeIgniter.php(333): CodeIgniter\CodeIgniter->handleRequest(NULL, Object(Config\Cache), false)
#12 D:\wamp64\www\HappyPunch\index.php(44): CodeIgniter\CodeIgniter->run()
#13 {main}
ERROR - 2021-05-09 17:18:36 --> mysqli_sql_exception: Table 'webapp.users' doesn't exist in D:\wamp64\www\HappyPunch\system\Database\MySQLi\Connection.php:314
Stack trace:
#0 D:\wamp64\www\HappyPunch\system\Database\MySQLi\Connection.php(314): mysqli->query('SELECT 1\nFROM `...')
#1 D:\wamp64\www\HappyPunch\system\Database\BaseConnection.php(713): CodeIgniter\Database\MySQLi\Connection->execute('SELECT 1\nFROM `...')
#2 D:\wamp64\www\HappyPunch\system\Database\BaseConnection.php(641): CodeIgniter\Database\BaseConnection->simpleQuery('SELECT 1\nFROM `...')
#3 D:\wamp64\www\HappyPunch\system\Database\BaseBuilder.php(1866): CodeIgniter\Database\BaseConnection->query('SELECT 1\nFROM `...', Array, false)
#4 D:\wamp64\www\HappyPunch\system\Validation\Rules.php(212): CodeIgniter\Database\BaseBuilder->get()
#5 D:\wamp64\www\HappyPunch\system\Validation\Validation.php(306): CodeIgniter\Validation\Rules->is_unique('admin@red.ujaen...', 'email', Array, NULL)
#6 D:\wamp64\www\HappyPunch\system\Validation\Validation.php(164): CodeIgniter\Validation\Validation->processRules('email', 'email', 'admin@red.ujaen...', Array, Array)
#7 D:\wamp64\www\HappyPunch\system\Controller.php(181): CodeIgniter\Validation\Validation->run()
#8 D:\wamp64\www\HappyPunch\app\Controllers\User.php(74): CodeIgniter\Controller->validate(Array)
#9 D:\wamp64\www\HappyPunch\system\CodeIgniter.php(936): App\Controllers\User->register()
#10 D:\wamp64\www\HappyPunch\system\CodeIgniter.php(432): CodeIgniter\CodeIgniter->runController(Object(App\Controllers\User))
#11 D:\wamp64\www\HappyPunch\system\CodeIgniter.php(333): CodeIgniter\CodeIgniter->handleRequest(NULL, Object(Config\Cache), false)
#12 D:\wamp64\www\HappyPunch\index.php(44): CodeIgniter\CodeIgniter->run()
#13 {main}
CRITICAL - 2021-05-09 17:18:36 --> Table 'webapp.users' doesn't exist
#0 D:\wamp64\www\HappyPunch\system\Database\MySQLi\Connection.php(314): mysqli->query('SELECT 1\nFROM `...')
#1 D:\wamp64\www\HappyPunch\system\Database\BaseConnection.php(713): CodeIgniter\Database\MySQLi\Connection->execute('SELECT 1\nFROM `...')
#2 D:\wamp64\www\HappyPunch\system\Database\BaseConnection.php(641): CodeIgniter\Database\BaseConnection->simpleQuery('SELECT 1\nFROM `...')
#3 D:\wamp64\www\HappyPunch\system\Database\BaseBuilder.php(1866): CodeIgniter\Database\BaseConnection->query('SELECT 1\nFROM `...', Array, false)
#4 D:\wamp64\www\HappyPunch\system\Validation\Rules.php(212): CodeIgniter\Database\BaseBuilder->get()
#5 D:\wamp64\www\HappyPunch\system\Validation\Validation.php(306): CodeIgniter\Validation\Rules->is_unique('admin@red.ujaen...', 'email', Array, NULL)
#6 D:\wamp64\www\HappyPunch\system\Validation\Validation.php(164): CodeIgniter\Validation\Validation->processRules('email', 'email', 'admin@red.ujaen...', Array, Array)
#7 D:\wamp64\www\HappyPunch\system\Controller.php(181): CodeIgniter\Validation\Validation->run()
#8 D:\wamp64\www\HappyPunch\app\Controllers\User.php(74): CodeIgniter\Controller->validate(Array)
#9 D:\wamp64\www\HappyPunch\system\CodeIgniter.php(936): App\Controllers\User->register()
#10 D:\wamp64\www\HappyPunch\system\CodeIgniter.php(432): CodeIgniter\CodeIgniter->runController(Object(App\Controllers\User))
#11 D:\wamp64\www\HappyPunch\system\CodeIgniter.php(333): CodeIgniter\CodeIgniter->handleRequest(NULL, Object(Config\Cache), false)
#12 D:\wamp64\www\HappyPunch\index.php(44): CodeIgniter\CodeIgniter->run()
#13 {main}
ERROR - 2021-05-09 17:21:13 --> mysqli_sql_exception: Table 'webapp.users' doesn't exist in D:\wamp64\www\HappyPunch\system\Database\MySQLi\Connection.php:314
Stack trace:
#0 D:\wamp64\www\HappyPunch\system\Database\MySQLi\Connection.php(314): mysqli->query('SELECT 1\nFROM `...')
#1 D:\wamp64\www\HappyPunch\system\Database\BaseConnection.php(713): CodeIgniter\Database\MySQLi\Connection->execute('SELECT 1\nFROM `...')
#2 D:\wamp64\www\HappyPunch\system\Database\BaseConnection.php(641): CodeIgniter\Database\BaseConnection->simpleQuery('SELECT 1\nFROM `...')
#3 D:\wamp64\www\HappyPunch\system\Database\BaseBuilder.php(1866): CodeIgniter\Database\BaseConnection->query('SELECT 1\nFROM `...', Array, false)
#4 D:\wamp64\www\HappyPunch\system\Validation\Rules.php(212): CodeIgniter\Database\BaseBuilder->get()
#5 D:\wamp64\www\HappyPunch\system\Validation\Validation.php(306): CodeIgniter\Validation\Rules->is_unique('admin@red.ujaen...', 'email', Array, NULL)
#6 D:\wamp64\www\HappyPunch\system\Validation\Validation.php(164): CodeIgniter\Validation\Validation->processRules('email', 'email', 'admin@red.ujaen...', Array, Array)
#7 D:\wamp64\www\HappyPunch\system\Controller.php(181): CodeIgniter\Validation\Validation->run()
#8 D:\wamp64\www\HappyPunch\app\Controllers\User.php(74): CodeIgniter\Controller->validate(Array)
#9 D:\wamp64\www\HappyPunch\system\CodeIgniter.php(936): App\Controllers\User->register()
#10 D:\wamp64\www\HappyPunch\system\CodeIgniter.php(432): CodeIgniter\CodeIgniter->runController(Object(App\Controllers\User))
#11 D:\wamp64\www\HappyPunch\system\CodeIgniter.php(333): CodeIgniter\CodeIgniter->handleRequest(NULL, Object(Config\Cache), false)
#12 D:\wamp64\www\HappyPunch\index.php(44): CodeIgniter\CodeIgniter->run()
#13 {main}
CRITICAL - 2021-05-09 17:21:13 --> Table 'webapp.users' doesn't exist
#0 D:\wamp64\www\HappyPunch\system\Database\MySQLi\Connection.php(314): mysqli->query('SELECT 1\nFROM `...')
#1 D:\wamp64\www\HappyPunch\system\Database\BaseConnection.php(713): CodeIgniter\Database\MySQLi\Connection->execute('SELECT 1\nFROM `...')
#2 D:\wamp64\www\HappyPunch\system\Database\BaseConnection.php(641): CodeIgniter\Database\BaseConnection->simpleQuery('SELECT 1\nFROM `...')
#3 D:\wamp64\www\HappyPunch\system\Database\BaseBuilder.php(1866): CodeIgniter\Database\BaseConnection->query('SELECT 1\nFROM `...', Array, false)
#4 D:\wamp64\www\HappyPunch\system\Validation\Rules.php(212): CodeIgniter\Database\BaseBuilder->get()
#5 D:\wamp64\www\HappyPunch\system\Validation\Validation.php(306): CodeIgniter\Validation\Rules->is_unique('admin@red.ujaen...', 'email', Array, NULL)
#6 D:\wamp64\www\HappyPunch\system\Validation\Validation.php(164): CodeIgniter\Validation\Validation->processRules('email', 'email', 'admin@red.ujaen...', Array, Array)
#7 D:\wamp64\www\HappyPunch\system\Controller.php(181): CodeIgniter\Validation\Validation->run()
#8 D:\wamp64\www\HappyPunch\app\Controllers\User.php(74): CodeIgniter\Controller->validate(Array)
#9 D:\wamp64\www\HappyPunch\system\CodeIgniter.php(936): App\Controllers\User->register()
#10 D:\wamp64\www\HappyPunch\system\CodeIgniter.php(432): CodeIgniter\CodeIgniter->runController(Object(App\Controllers\User))
#11 D:\wamp64\www\HappyPunch\system\CodeIgniter.php(333): CodeIgniter\CodeIgniter->handleRequest(NULL, Object(Config\Cache), false)
#12 D:\wamp64\www\HappyPunch\index.php(44): CodeIgniter\CodeIgniter->run()
#13 {main}
CRITICAL - 2021-05-09 17:24:26 --> syntax error, unexpected 'echo' (T_ECHO), expecting function (T_FUNCTION) or const (T_CONST)
#0 D:\wamp64\www\HappyPunch\system\Router\Router.php(170): CodeIgniter\Router\Router->autoRoute('user/register')
#1 D:\wamp64\www\HappyPunch\system\CodeIgniter.php(816): CodeIgniter\Router\Router->handle('user/register')
#2 D:\wamp64\www\HappyPunch\system\CodeIgniter.php(385): CodeIgniter\CodeIgniter->tryToRouteIt(Object(CodeIgniter\Router\RouteCollection))
#3 D:\wamp64\www\HappyPunch\system\CodeIgniter.php(333): CodeIgniter\CodeIgniter->handleRequest(NULL, Object(Config\Cache), false)
#4 D:\wamp64\www\HappyPunch\index.php(44): CodeIgniter\CodeIgniter->run()
#5 {main}
CRITICAL - 2021-05-09 17:24:42 --> syntax error, unexpected 'echo' (T_ECHO), expecting function (T_FUNCTION) or const (T_CONST)
#0 D:\wamp64\www\HappyPunch\system\Router\Router.php(170): CodeIgniter\Router\Router->autoRoute('user/register')
#1 D:\wamp64\www\HappyPunch\system\CodeIgniter.php(816): CodeIgniter\Router\Router->handle('user/register')
#2 D:\wamp64\www\HappyPunch\system\CodeIgniter.php(385): CodeIgniter\CodeIgniter->tryToRouteIt(Object(CodeIgniter\Router\RouteCollection))
#3 D:\wamp64\www\HappyPunch\system\CodeIgniter.php(333): CodeIgniter\CodeIgniter->handleRequest(NULL, Object(Config\Cache), false)
#4 D:\wamp64\www\HappyPunch\index.php(44): CodeIgniter\CodeIgniter->run()
#5 {main}
CRITICAL - 2021-05-09 17:25:23 --> syntax error, unexpected 'else' (T_ELSE)
#0 D:\wamp64\www\HappyPunch\system\Router\Router.php(170): CodeIgniter\Router\Router->autoRoute('user/register')
#1 D:\wamp64\www\HappyPunch\system\CodeIgniter.php(816): CodeIgniter\Router\Router->handle('user/register')
#2 D:\wamp64\www\HappyPunch\system\CodeIgniter.php(385): CodeIgniter\CodeIgniter->tryToRouteIt(Object(CodeIgniter\Router\RouteCollection))
#3 D:\wamp64\www\HappyPunch\system\CodeIgniter.php(333): CodeIgniter\CodeIgniter->handleRequest(NULL, Object(Config\Cache), false)
#4 D:\wamp64\www\HappyPunch\index.php(44): CodeIgniter\CodeIgniter->run()
#5 {main}
CRITICAL - 2021-05-09 17:25:36 --> syntax error, unexpected 'else' (T_ELSE)
#0 D:\wamp64\www\HappyPunch\system\Router\Router.php(170): CodeIgniter\Router\Router->autoRoute('user/register')
#1 D:\wamp64\www\HappyPunch\system\CodeIgniter.php(816): CodeIgniter\Router\Router->handle('user/register')
#2 D:\wamp64\www\HappyPunch\system\CodeIgniter.php(385): CodeIgniter\CodeIgniter->tryToRouteIt(Object(CodeIgniter\Router\RouteCollection))
#3 D:\wamp64\www\HappyPunch\system\CodeIgniter.php(333): CodeIgniter\CodeIgniter->handleRequest(NULL, Object(Config\Cache), false)
#4 D:\wamp64\www\HappyPunch\index.php(44): CodeIgniter\CodeIgniter->run()
#5 {main}
CRITICAL - 2021-05-09 17:25:54 --> syntax error, unexpected 'else' (T_ELSE)
#0 D:\wamp64\www\HappyPunch\system\Router\Router.php(170): CodeIgniter\Router\Router->autoRoute('user/register')
#1 D:\wamp64\www\HappyPunch\system\CodeIgniter.php(816): CodeIgniter\Router\Router->handle('user/register')
#2 D:\wamp64\www\HappyPunch\system\CodeIgniter.php(385): CodeIgniter\CodeIgniter->tryToRouteIt(Object(CodeIgniter\Router\RouteCollection))
#3 D:\wamp64\www\HappyPunch\system\CodeIgniter.php(333): CodeIgniter\CodeIgniter->handleRequest(NULL, Object(Config\Cache), false)
#4 D:\wamp64\www\HappyPunch\index.php(44): CodeIgniter\CodeIgniter->run()
#5 {main}
CRITICAL - 2021-05-09 17:26:27 --> syntax error, unexpected 'else' (T_ELSE)
#0 D:\wamp64\www\HappyPunch\system\Router\Router.php(170): CodeIgniter\Router\Router->autoRoute('user/register')
#1 D:\wamp64\www\HappyPunch\system\CodeIgniter.php(816): CodeIgniter\Router\Router->handle('user/register')
#2 D:\wamp64\www\HappyPunch\system\CodeIgniter.php(385): CodeIgniter\CodeIgniter->tryToRouteIt(Object(CodeIgniter\Router\RouteCollection))
#3 D:\wamp64\www\HappyPunch\system\CodeIgniter.php(333): CodeIgniter\CodeIgniter->handleRequest(NULL, Object(Config\Cache), false)
#4 D:\wamp64\www\HappyPunch\index.php(44): CodeIgniter\CodeIgniter->run()
#5 {main}
ERROR - 2021-05-09 17:26:31 --> mysqli_sql_exception: Table 'webapp.users' doesn't exist in D:\wamp64\www\HappyPunch\system\Database\MySQLi\Connection.php:314
Stack trace:
#0 D:\wamp64\www\HappyPunch\system\Database\MySQLi\Connection.php(314): mysqli->query('SELECT 1\nFROM `...')
#1 D:\wamp64\www\HappyPunch\system\Database\BaseConnection.php(713): CodeIgniter\Database\MySQLi\Connection->execute('SELECT 1\nFROM `...')
#2 D:\wamp64\www\HappyPunch\system\Database\BaseConnection.php(641): CodeIgniter\Database\BaseConnection->simpleQuery('SELECT 1\nFROM `...')
#3 D:\wamp64\www\HappyPunch\system\Database\BaseBuilder.php(1866): CodeIgniter\Database\BaseConnection->query('SELECT 1\nFROM `...', Array, false)
#4 D:\wamp64\www\HappyPunch\system\Validation\Rules.php(212): CodeIgniter\Database\BaseBuilder->get()
#5 D:\wamp64\www\HappyPunch\system\Validation\Validation.php(306): CodeIgniter\Validation\Rules->is_unique('admin@red.ujaen...', 'email', Array, NULL)
#6 D:\wamp64\www\HappyPunch\system\Validation\Validation.php(164): CodeIgniter\Validation\Validation->processRules('email', 'email', 'admin@red.ujaen...', Array, Array)
#7 D:\wamp64\www\HappyPunch\system\Controller.php(181): CodeIgniter\Validation\Validation->run()
#8 D:\wamp64\www\HappyPunch\app\Controllers\User.php(74): CodeIgniter\Controller->validate(Array)
#9 D:\wamp64\www\HappyPunch\system\CodeIgniter.php(936): App\Controllers\User->register()
#10 D:\wamp64\www\HappyPunch\system\CodeIgniter.php(432): CodeIgniter\CodeIgniter->runController(Object(App\Controllers\User))
#11 D:\wamp64\www\HappyPunch\system\CodeIgniter.php(333): CodeIgniter\CodeIgniter->handleRequest(NULL, Object(Config\Cache), false)
#12 D:\wamp64\www\HappyPunch\index.php(44): CodeIgniter\CodeIgniter->run()
#13 {main}
CRITICAL - 2021-05-09 17:26:31 --> Table 'webapp.users' doesn't exist
#0 D:\wamp64\www\HappyPunch\system\Database\MySQLi\Connection.php(314): mysqli->query('SELECT 1\nFROM `...')
#1 D:\wamp64\www\HappyPunch\system\Database\BaseConnection.php(713): CodeIgniter\Database\MySQLi\Connection->execute('SELECT 1\nFROM `...')
#2 D:\wamp64\www\HappyPunch\system\Database\BaseConnection.php(641): CodeIgniter\Database\BaseConnection->simpleQuery('SELECT 1\nFROM `...')
#3 D:\wamp64\www\HappyPunch\system\Database\BaseBuilder.php(1866): CodeIgniter\Database\BaseConnection->query('SELECT 1\nFROM `...', Array, false)
#4 D:\wamp64\www\HappyPunch\system\Validation\Rules.php(212): CodeIgniter\Database\BaseBuilder->get()
#5 D:\wamp64\www\HappyPunch\system\Validation\Validation.php(306): CodeIgniter\Validation\Rules->is_unique('admin@red.ujaen...', 'email', Array, NULL)
#6 D:\wamp64\www\HappyPunch\system\Validation\Validation.php(164): CodeIgniter\Validation\Validation->processRules('email', 'email', 'admin@red.ujaen...', Array, Array)
#7 D:\wamp64\www\HappyPunch\system\Controller.php(181): CodeIgniter\Validation\Validation->run()
#8 D:\wamp64\www\HappyPunch\app\Controllers\User.php(74): CodeIgniter\Controller->validate(Array)
#9 D:\wamp64\www\HappyPunch\system\CodeIgniter.php(936): App\Controllers\User->register()
#10 D:\wamp64\www\HappyPunch\system\CodeIgniter.php(432): CodeIgniter\CodeIgniter->runController(Object(App\Controllers\User))
#11 D:\wamp64\www\HappyPunch\system\CodeIgniter.php(333): CodeIgniter\CodeIgniter->handleRequest(NULL, Object(Config\Cache), false)
#12 D:\wamp64\www\HappyPunch\index.php(44): CodeIgniter\CodeIgniter->run()
#13 {main}
CRITICAL - 2021-05-09 17:34:58 --> Call to undefined method stdClass::num_rows()
#0 D:\wamp64\www\HappyPunch\system\CodeIgniter.php(936): App\Controllers\User->register()
#1 D:\wamp64\www\HappyPunch\system\CodeIgniter.php(432): CodeIgniter\CodeIgniter->runController(Object(App\Controllers\User))
#2 D:\wamp64\www\HappyPunch\system\CodeIgniter.php(333): CodeIgniter\CodeIgniter->handleRequest(NULL, Object(Config\Cache), false)
#3 D:\wamp64\www\HappyPunch\index.php(44): CodeIgniter\CodeIgniter->run()
#4 {main}
CRITICAL - 2021-05-09 17:37:07 --> Undefined variable: searchUserh
#0 D:\wamp64\www\HappyPunch\app\Controllers\User.php(87): CodeIgniter\Debug\Exceptions->errorHandler(8, 'Undefined varia...', 'D:\\wamp64\\www\\H...', 87, Array)
#1 D:\wamp64\www\HappyPunch\system\CodeIgniter.php(936): App\Controllers\User->register()
#2 D:\wamp64\www\HappyPunch\system\CodeIgniter.php(432): CodeIgniter\CodeIgniter->runController(Object(App\Controllers\User))
#3 D:\wamp64\www\HappyPunch\system\CodeIgniter.php(333): CodeIgniter\CodeIgniter->handleRequest(NULL, Object(Config\Cache), false)
#4 D:\wamp64\www\HappyPunch\index.php(44): CodeIgniter\CodeIgniter->run()
#5 {main}
CRITICAL - 2021-05-09 17:41:23 --> Call to undefined method stdClass::num_rows()
#0 D:\wamp64\www\HappyPunch\system\CodeIgniter.php(936): App\Controllers\User->register()
#1 D:\wamp64\www\HappyPunch\system\CodeIgniter.php(432): CodeIgniter\CodeIgniter->runController(Object(App\Controllers\User))
#2 D:\wamp64\www\HappyPunch\system\CodeIgniter.php(333): CodeIgniter\CodeIgniter->handleRequest(NULL, Object(Config\Cache), false)
#3 D:\wamp64\www\HappyPunch\index.php(44): CodeIgniter\CodeIgniter->run()
#4 {main}
CRITICAL - 2021-05-09 17:42:11 --> syntax error, unexpected '$searchUser' (T_VARIABLE)
#0 D:\wamp64\www\HappyPunch\system\Router\Router.php(170): CodeIgniter\Router\Router->autoRoute('user/register')
#1 D:\wamp64\www\HappyPunch\system\CodeIgniter.php(816): CodeIgniter\Router\Router->handle('user/register')
#2 D:\wamp64\www\HappyPunch\system\CodeIgniter.php(385): CodeIgniter\CodeIgniter->tryToRouteIt(Object(CodeIgniter\Router\RouteCollection))
#3 D:\wamp64\www\HappyPunch\system\CodeIgniter.php(333): CodeIgniter\CodeIgniter->handleRequest(NULL, Object(Config\Cache), false)
#4 D:\wamp64\www\HappyPunch\index.php(44): CodeIgniter\CodeIgniter->run()
#5 {main}
CRITICAL - 2021-05-09 17:42:22 --> Undefined property: App\Controllers\User::$db
#0 D:\wamp64\www\HappyPunch\app\Controllers\User.php(86): CodeIgniter\Debug\Exceptions->errorHandler(8, 'Undefined prope...', 'D:\\wamp64\\www\\H...', 86, Array)
#1 D:\wamp64\www\HappyPunch\system\CodeIgniter.php(936): App\Controllers\User->register()
#2 D:\wamp64\www\HappyPunch\system\CodeIgniter.php(432): CodeIgniter\CodeIgniter->runController(Object(App\Controllers\User))
#3 D:\wamp64\www\HappyPunch\system\CodeIgniter.php(333): CodeIgniter\CodeIgniter->handleRequest(NULL, Object(Config\Cache), false)
#4 D:\wamp64\www\HappyPunch\index.php(44): CodeIgniter\CodeIgniter->run()
#5 {main}
CRITICAL - 2021-05-09 17:42:55 --> Undefined property: App\Controllers\User::$db
#0 D:\wamp64\www\HappyPunch\app\Controllers\User.php(86): CodeIgniter\Debug\Exceptions->errorHandler(8, 'Undefined prope...', 'D:\\wamp64\\www\\H...', 86, Array)
#1 D:\wamp64\www\HappyPunch\system\CodeIgniter.php(936): App\Controllers\User->register()
#2 D:\wamp64\www\HappyPunch\system\CodeIgniter.php(432): CodeIgniter\CodeIgniter->runController(Object(App\Controllers\User))
#3 D:\wamp64\www\HappyPunch\system\CodeIgniter.php(333): CodeIgniter\CodeIgniter->handleRequest(NULL, Object(Config\Cache), false)
#4 D:\wamp64\www\HappyPunch\index.php(44): CodeIgniter\CodeIgniter->run()
#5 {main}
CRITICAL - 2021-05-09 17:42:57 --> Undefined property: App\Controllers\User::$db
#0 D:\wamp64\www\HappyPunch\app\Controllers\User.php(86): CodeIgniter\Debug\Exceptions->errorHandler(8, 'Undefined prope...', 'D:\\wamp64\\www\\H...', 86, Array)
#1 D:\wamp64\www\HappyPunch\system\CodeIgniter.php(936): App\Controllers\User->register()
#2 D:\wamp64\www\HappyPunch\system\CodeIgniter.php(432): CodeIgniter\CodeIgniter->runController(Object(App\Controllers\User))
#3 D:\wamp64\www\HappyPunch\system\CodeIgniter.php(333): CodeIgniter\CodeIgniter->handleRequest(NULL, Object(Config\Cache), false)
#4 D:\wamp64\www\HappyPunch\index.php(44): CodeIgniter\CodeIgniter->run()
#5 {main}
CRITICAL - 2021-05-09 17:43:06 --> Undefined property: App\Controllers\User::$db
#0 D:\wamp64\www\HappyPunch\app\Controllers\User.php(86): CodeIgniter\Debug\Exceptions->errorHandler(8, 'Undefined prope...', 'D:\\wamp64\\www\\H...', 86, Array)
#1 D:\wamp64\www\HappyPunch\system\CodeIgniter.php(936): App\Controllers\User->register()
#2 D:\wamp64\www\HappyPunch\system\CodeIgniter.php(432): CodeIgniter\CodeIgniter->runController(Object(App\Controllers\User))
#3 D:\wamp64\www\HappyPunch\system\CodeIgniter.php(333): CodeIgniter\CodeIgniter->handleRequest(NULL, Object(Config\Cache), false)
#4 D:\wamp64\www\HappyPunch\index.php(44): CodeIgniter\CodeIgniter->run()
#5 {main}
CRITICAL - 2021-05-09 17:43:39 --> Call to undefined method stdClass::num_rows()
#0 D:\wamp64\www\HappyPunch\system\CodeIgniter.php(936): App\Controllers\User->register()
#1 D:\wamp64\www\HappyPunch\system\CodeIgniter.php(432): CodeIgniter\CodeIgniter->runController(Object(App\Controllers\User))
#2 D:\wamp64\www\HappyPunch\system\CodeIgniter.php(333): CodeIgniter\CodeIgniter->handleRequest(NULL, Object(Config\Cache), false)
#3 D:\wamp64\www\HappyPunch\index.php(44): CodeIgniter\CodeIgniter->run()
#4 {main}
CRITICAL - 2021-05-09 17:45:08 --> Call to undefined method stdClass::num_rows()
#0 D:\wamp64\www\HappyPunch\system\CodeIgniter.php(936): App\Controllers\User->register()
#1 D:\wamp64\www\HappyPunch\system\CodeIgniter.php(432): CodeIgniter\CodeIgniter->runController(Object(App\Controllers\User))
#2 D:\wamp64\www\HappyPunch\system\CodeIgniter.php(333): CodeIgniter\CodeIgniter->handleRequest(NULL, Object(Config\Cache), false)
#3 D:\wamp64\www\HappyPunch\index.php(44): CodeIgniter\CodeIgniter->run()
#4 {main}
CRITICAL - 2021-05-09 17:50:53 --> Cannot use object of type stdClass as array
#0 D:\wamp64\www\HappyPunch\system\CodeIgniter.php(936): App\Controllers\User->register()
#1 D:\wamp64\www\HappyPunch\system\CodeIgniter.php(432): CodeIgniter\CodeIgniter->runController(Object(App\Controllers\User))
#2 D:\wamp64\www\HappyPunch\system\CodeIgniter.php(333): CodeIgniter\CodeIgniter->handleRequest(NULL, Object(Config\Cache), false)
#3 D:\wamp64\www\HappyPunch\index.php(44): CodeIgniter\CodeIgniter->run()
#4 {main}
CRITICAL - 2021-05-09 17:51:15 --> Cannot use object of type stdClass as array
#0 D:\wamp64\www\HappyPunch\system\CodeIgniter.php(936): App\Controllers\User->register()
#1 D:\wamp64\www\HappyPunch\system\CodeIgniter.php(432): CodeIgniter\CodeIgniter->runController(Object(App\Controllers\User))
#2 D:\wamp64\www\HappyPunch\system\CodeIgniter.php(333): CodeIgniter\CodeIgniter->handleRequest(NULL, Object(Config\Cache), false)
#3 D:\wamp64\www\HappyPunch\index.php(44): CodeIgniter\CodeIgniter->run()
#4 {main}
CRITICAL - 2021-05-09 17:52:15 --> Cannot use object of type stdClass as array
#0 D:\wamp64\www\HappyPunch\system\CodeIgniter.php(936): App\Controllers\User->register()
#1 D:\wamp64\www\HappyPunch\system\CodeIgniter.php(432): CodeIgniter\CodeIgniter->runController(Object(App\Controllers\User))
#2 D:\wamp64\www\HappyPunch\system\CodeIgniter.php(333): CodeIgniter\CodeIgniter->handleRequest(NULL, Object(Config\Cache), false)
#3 D:\wamp64\www\HappyPunch\index.php(44): CodeIgniter\CodeIgniter->run()
#4 {main}
CRITICAL - 2021-05-09 17:52:26 --> Call to a member function listErrors() on array
#0 D:\wamp64\www\HappyPunch\system\View\View.php(220): include()
#1 D:\wamp64\www\HappyPunch\system\View\View.php(222): CodeIgniter\View\View->CodeIgniter\View\{closure}()
#2 D:\wamp64\www\HappyPunch\system\Common.php(1217): CodeIgniter\View\View->render('Pages/register', Array, true)
#3 D:\wamp64\www\HappyPunch\app\Controllers\User.php(109): view('Pages/register')
#4 D:\wamp64\www\HappyPunch\system\CodeIgniter.php(936): App\Controllers\User->register()
#5 D:\wamp64\www\HappyPunch\system\CodeIgniter.php(432): CodeIgniter\CodeIgniter->runController(Object(App\Controllers\User))
#6 D:\wamp64\www\HappyPunch\system\CodeIgniter.php(333): CodeIgniter\CodeIgniter->handleRequest(NULL, Object(Config\Cache), false)
#7 D:\wamp64\www\HappyPunch\index.php(44): CodeIgniter\CodeIgniter->run()
#8 {main}
CRITICAL - 2021-05-09 18:00:40 --> Call to a member function listErrors() on array
#0 D:\wamp64\www\HappyPunch\system\View\View.php(220): include()
#1 D:\wamp64\www\HappyPunch\system\View\View.php(222): CodeIgniter\View\View->CodeIgniter\View\{closure}()
#2 D:\wamp64\www\HappyPunch\system\Common.php(1217): CodeIgniter\View\View->render('Pages/register', Array, true)
#3 D:\wamp64\www\HappyPunch\app\Controllers\User.php(109): view('Pages/register')
#4 D:\wamp64\www\HappyPunch\system\CodeIgniter.php(936): App\Controllers\User->register()
#5 D:\wamp64\www\HappyPunch\system\CodeIgniter.php(432): CodeIgniter\CodeIgniter->runController(Object(App\Controllers\User))
#6 D:\wamp64\www\HappyPunch\system\CodeIgniter.php(333): CodeIgniter\CodeIgniter->handleRequest(NULL, Object(Config\Cache), false)
#7 D:\wamp64\www\HappyPunch\index.php(44): CodeIgniter\CodeIgniter->run()
#8 {main}
