CRITICAL - 2021-04-21 05:57:46 --> Invalid file: user/login.php
#0 D:\wamp64\www\HappyPunch\system\View\View.php(203): CodeIgniter\Exceptions\FrameworkException::forInvalidFile('user/login.php')
#1 D:\wamp64\www\HappyPunch\system\Common.php(1217): CodeIgniter\View\View->render('user/login', Array, true)
#2 D:\wamp64\www\HappyPunch\app\Controllers\User.php(22): view('user/login', Array)
#3 D:\wamp64\www\HappyPunch\system\CodeIgniter.php(936): App\Controllers\User->login()
#4 D:\wamp64\www\HappyPunch\system\CodeIgniter.php(432): CodeIgniter\CodeIgniter->runController(Object(App\Controllers\User))
#5 D:\wamp64\www\HappyPunch\system\CodeIgniter.php(333): CodeIgniter\CodeIgniter->handleRequest(NULL, Object(Config\Cache), false)
#6 D:\wamp64\www\HappyPunch\public\index.php(44): CodeIgniter\CodeIgniter->run()
#7 {main}
CRITICAL - 2021-04-21 05:57:50 --> Invalid file: user/login.php
#0 D:\wamp64\www\HappyPunch\system\View\View.php(203): CodeIgniter\Exceptions\FrameworkException::forInvalidFile('user/login.php')
#1 D:\wamp64\www\HappyPunch\system\Common.php(1217): CodeIgniter\View\View->render('user/login', Array, true)
#2 D:\wamp64\www\HappyPunch\app\Controllers\User.php(22): view('user/login', Array)
#3 D:\wamp64\www\HappyPunch\system\CodeIgniter.php(936): App\Controllers\User->login()
#4 D:\wamp64\www\HappyPunch\system\CodeIgniter.php(432): CodeIgniter\CodeIgniter->runController(Object(App\Controllers\User))
#5 D:\wamp64\www\HappyPunch\system\CodeIgniter.php(333): CodeIgniter\CodeIgniter->handleRequest(NULL, Object(Config\Cache), false)
#6 D:\wamp64\www\HappyPunch\public\index.php(44): CodeIgniter\CodeIgniter->run()
#7 {main}
CRITICAL - 2021-04-21 05:57:51 --> Invalid file: user/login.php
#0 D:\wamp64\www\HappyPunch\system\View\View.php(203): CodeIgniter\Exceptions\FrameworkException::forInvalidFile('user/login.php')
#1 D:\wamp64\www\HappyPunch\system\Common.php(1217): CodeIgniter\View\View->render('user/login', Array, true)
#2 D:\wamp64\www\HappyPunch\app\Controllers\User.php(22): view('user/login', Array)
#3 D:\wamp64\www\HappyPunch\system\CodeIgniter.php(936): App\Controllers\User->login()
#4 D:\wamp64\www\HappyPunch\system\CodeIgniter.php(432): CodeIgniter\CodeIgniter->runController(Object(App\Controllers\User))
#5 D:\wamp64\www\HappyPunch\system\CodeIgniter.php(333): CodeIgniter\CodeIgniter->handleRequest(NULL, Object(Config\Cache), false)
#6 D:\wamp64\www\HappyPunch\public\index.php(44): CodeIgniter\CodeIgniter->run()
#7 {main}
CRITICAL - 2021-04-21 05:57:51 --> Invalid file: user/login.php
#0 D:\wamp64\www\HappyPunch\system\View\View.php(203): CodeIgniter\Exceptions\FrameworkException::forInvalidFile('user/login.php')
#1 D:\wamp64\www\HappyPunch\system\Common.php(1217): CodeIgniter\View\View->render('user/login', Array, true)
#2 D:\wamp64\www\HappyPunch\app\Controllers\User.php(22): view('user/login', Array)
#3 D:\wamp64\www\HappyPunch\system\CodeIgniter.php(936): App\Controllers\User->login()
#4 D:\wamp64\www\HappyPunch\system\CodeIgniter.php(432): CodeIgniter\CodeIgniter->runController(Object(App\Controllers\User))
#5 D:\wamp64\www\HappyPunch\system\CodeIgniter.php(333): CodeIgniter\CodeIgniter->handleRequest(NULL, Object(Config\Cache), false)
#6 D:\wamp64\www\HappyPunch\public\index.php(44): CodeIgniter\CodeIgniter->run()
#7 {main}
CRITICAL - 2021-04-21 05:57:52 --> Invalid file: user/login.php
#0 D:\wamp64\www\HappyPunch\system\View\View.php(203): CodeIgniter\Exceptions\FrameworkException::forInvalidFile('user/login.php')
#1 D:\wamp64\www\HappyPunch\system\Common.php(1217): CodeIgniter\View\View->render('user/login', Array, true)
#2 D:\wamp64\www\HappyPunch\app\Controllers\User.php(22): view('user/login', Array)
#3 D:\wamp64\www\HappyPunch\system\CodeIgniter.php(936): App\Controllers\User->login()
#4 D:\wamp64\www\HappyPunch\system\CodeIgniter.php(432): CodeIgniter\CodeIgniter->runController(Object(App\Controllers\User))
#5 D:\wamp64\www\HappyPunch\system\CodeIgniter.php(333): CodeIgniter\CodeIgniter->handleRequest(NULL, Object(Config\Cache), false)
#6 D:\wamp64\www\HappyPunch\public\index.php(44): CodeIgniter\CodeIgniter->run()
#7 {main}
CRITICAL - 2021-04-21 05:57:55 --> Invalid file: user/login.php
#0 D:\wamp64\www\HappyPunch\system\View\View.php(203): CodeIgniter\Exceptions\FrameworkException::forInvalidFile('user/login.php')
#1 D:\wamp64\www\HappyPunch\system\Common.php(1217): CodeIgniter\View\View->render('user/login', Array, true)
#2 D:\wamp64\www\HappyPunch\app\Controllers\User.php(22): view('user/login', Array)
#3 D:\wamp64\www\HappyPunch\system\CodeIgniter.php(936): App\Controllers\User->login()
#4 D:\wamp64\www\HappyPunch\system\CodeIgniter.php(432): CodeIgniter\CodeIgniter->runController(Object(App\Controllers\User))
#5 D:\wamp64\www\HappyPunch\system\CodeIgniter.php(333): CodeIgniter\CodeIgniter->handleRequest(NULL, Object(Config\Cache), false)
#6 D:\wamp64\www\HappyPunch\public\index.php(44): CodeIgniter\CodeIgniter->run()
#7 {main}
CRITICAL - 2021-04-21 05:57:56 --> Invalid file: user/login.php
#0 D:\wamp64\www\HappyPunch\system\View\View.php(203): CodeIgniter\Exceptions\FrameworkException::forInvalidFile('user/login.php')
#1 D:\wamp64\www\HappyPunch\system\Common.php(1217): CodeIgniter\View\View->render('user/login', Array, true)
#2 D:\wamp64\www\HappyPunch\app\Controllers\User.php(22): view('user/login', Array)
#3 D:\wamp64\www\HappyPunch\system\CodeIgniter.php(936): App\Controllers\User->login()
#4 D:\wamp64\www\HappyPunch\system\CodeIgniter.php(432): CodeIgniter\CodeIgniter->runController(Object(App\Controllers\User))
#5 D:\wamp64\www\HappyPunch\system\CodeIgniter.php(333): CodeIgniter\CodeIgniter->handleRequest(NULL, Object(Config\Cache), false)
#6 D:\wamp64\www\HappyPunch\public\index.php(44): CodeIgniter\CodeIgniter->run()
#7 {main}
CRITICAL - 2021-04-21 06:21:04 --> Invalid file: user/login.php
#0 D:\wamp64\www\HappyPunch\system\View\View.php(203): CodeIgniter\Exceptions\FrameworkException::forInvalidFile('user/login.php')
#1 D:\wamp64\www\HappyPunch\system\Common.php(1217): CodeIgniter\View\View->render('user/login', Array, true)
#2 D:\wamp64\www\HappyPunch\app\Controllers\User.php(22): view('user/login', Array)
#3 D:\wamp64\www\HappyPunch\system\CodeIgniter.php(936): App\Controllers\User->login()
#4 D:\wamp64\www\HappyPunch\system\CodeIgniter.php(432): CodeIgniter\CodeIgniter->runController(Object(App\Controllers\User))
#5 D:\wamp64\www\HappyPunch\system\CodeIgniter.php(333): CodeIgniter\CodeIgniter->handleRequest(NULL, Object(Config\Cache), false)
#6 D:\wamp64\www\HappyPunch\public\index.php(44): CodeIgniter\CodeIgniter->run()
#7 {main}
CRITICAL - 2021-04-21 06:21:06 --> Invalid file: user/login.php
#0 D:\wamp64\www\HappyPunch\system\View\View.php(203): CodeIgniter\Exceptions\FrameworkException::forInvalidFile('user/login.php')
#1 D:\wamp64\www\HappyPunch\system\Common.php(1217): CodeIgniter\View\View->render('user/login', Array, true)
#2 D:\wamp64\www\HappyPunch\app\Controllers\User.php(22): view('user/login', Array)
#3 D:\wamp64\www\HappyPunch\system\CodeIgniter.php(936): App\Controllers\User->login()
#4 D:\wamp64\www\HappyPunch\system\CodeIgniter.php(432): CodeIgniter\CodeIgniter->runController(Object(App\Controllers\User))
#5 D:\wamp64\www\HappyPunch\system\CodeIgniter.php(333): CodeIgniter\CodeIgniter->handleRequest(NULL, Object(Config\Cache), false)
#6 D:\wamp64\www\HappyPunch\public\index.php(44): CodeIgniter\CodeIgniter->run()
#7 {main}
