CRITICAL - 2021-05-07 05:39:41 --> validateUser is not a valid rule.
#0 D:\wamp64\www\HappyPunch\system\Validation\Validation.php(314): CodeIgniter\Validation\Exceptions\ValidationException::forRuleNotFound('validateUser')
#1 D:\wamp64\www\HappyPunch\system\Validation\Validation.php(164): CodeIgniter\Validation\Validation->processRules('password', 'password', 'aq7k9K804rVcus1...', Array, Array)
#2 D:\wamp64\www\HappyPunch\system\Controller.php(181): CodeIgniter\Validation\Validation->run()
#3 D:\wamp64\www\HappyPunch\app\Controllers\User.php(26): CodeIgniter\Controller->validate(Array, Array)
#4 D:\wamp64\www\HappyPunch\system\CodeIgniter.php(936): App\Controllers\User->login()
#5 D:\wamp64\www\HappyPunch\system\CodeIgniter.php(432): CodeIgniter\CodeIgniter->runController(Object(App\Controllers\User))
#6 D:\wamp64\www\HappyPunch\system\CodeIgniter.php(333): CodeIgniter\CodeIgniter->handleRequest(NULL, Object(Config\Cache), false)
#7 D:\wamp64\www\HappyPunch\index.php(44): CodeIgniter\CodeIgniter->run()
#8 {main}
CRITICAL - 2021-05-07 05:41:36 --> syntax error, unexpected '}'
#0 D:\wamp64\www\HappyPunch\system\Router\Router.php(170): CodeIgniter\Router\Router->autoRoute('user/login')
#1 D:\wamp64\www\HappyPunch\system\CodeIgniter.php(816): CodeIgniter\Router\Router->handle('user/login')
#2 D:\wamp64\www\HappyPunch\system\CodeIgniter.php(385): CodeIgniter\CodeIgniter->tryToRouteIt(Object(CodeIgniter\Router\RouteCollection))
#3 D:\wamp64\www\HappyPunch\system\CodeIgniter.php(333): CodeIgniter\CodeIgniter->handleRequest(NULL, Object(Config\Cache), false)
#4 D:\wamp64\www\HappyPunch\index.php(44): CodeIgniter\CodeIgniter->run()
#5 {main}
CRITICAL - 2021-05-07 05:42:13 --> validateUser is not a valid rule.
#0 D:\wamp64\www\HappyPunch\system\Validation\Validation.php(314): CodeIgniter\Validation\Exceptions\ValidationException::forRuleNotFound('validateUser')
#1 D:\wamp64\www\HappyPunch\system\Validation\Validation.php(164): CodeIgniter\Validation\Validation->processRules('password', 'password', 'asdasdasd', Array, Array)
#2 D:\wamp64\www\HappyPunch\system\Controller.php(181): CodeIgniter\Validation\Validation->run()
#3 D:\wamp64\www\HappyPunch\app\Controllers\User.php(26): CodeIgniter\Controller->validate(Array, Array)
#4 D:\wamp64\www\HappyPunch\system\CodeIgniter.php(936): App\Controllers\User->login()
#5 D:\wamp64\www\HappyPunch\system\CodeIgniter.php(432): CodeIgniter\CodeIgniter->runController(Object(App\Controllers\User))
#6 D:\wamp64\www\HappyPunch\system\CodeIgniter.php(333): CodeIgniter\CodeIgniter->handleRequest(NULL, Object(Config\Cache), false)
#7 D:\wamp64\www\HappyPunch\index.php(44): CodeIgniter\CodeIgniter->run()
#8 {main}
CRITICAL - 2021-05-07 05:42:39 --> Undefined variable: rules
#0 D:\wamp64\www\HappyPunch\app\Controllers\User.php(26): CodeIgniter\Debug\Exceptions->errorHandler(8, 'Undefined varia...', 'D:\\wamp64\\www\\H...', 26, Array)
#1 D:\wamp64\www\HappyPunch\system\CodeIgniter.php(936): App\Controllers\User->login()
#2 D:\wamp64\www\HappyPunch\system\CodeIgniter.php(432): CodeIgniter\CodeIgniter->runController(Object(App\Controllers\User))
#3 D:\wamp64\www\HappyPunch\system\CodeIgniter.php(333): CodeIgniter\CodeIgniter->handleRequest(NULL, Object(Config\Cache), false)
#4 D:\wamp64\www\HappyPunch\index.php(44): CodeIgniter\CodeIgniter->run()
#5 {main}
CRITICAL - 2021-05-07 05:42:51 --> validateUser is not a valid rule.
#0 D:\wamp64\www\HappyPunch\system\Validation\Validation.php(314): CodeIgniter\Validation\Exceptions\ValidationException::forRuleNotFound('validateUser')
#1 D:\wamp64\www\HappyPunch\system\Validation\Validation.php(164): CodeIgniter\Validation\Validation->processRules('password', 'password', 'asdasdasd', Array, Array)
#2 D:\wamp64\www\HappyPunch\system\Controller.php(181): CodeIgniter\Validation\Validation->run()
#3 D:\wamp64\www\HappyPunch\app\Controllers\User.php(26): CodeIgniter\Controller->validate(Array, Array)
#4 D:\wamp64\www\HappyPunch\system\CodeIgniter.php(936): App\Controllers\User->login()
#5 D:\wamp64\www\HappyPunch\system\CodeIgniter.php(432): CodeIgniter\CodeIgniter->runController(Object(App\Controllers\User))
#6 D:\wamp64\www\HappyPunch\system\CodeIgniter.php(333): CodeIgniter\CodeIgniter->handleRequest(NULL, Object(Config\Cache), false)
#7 D:\wamp64\www\HappyPunch\index.php(44): CodeIgniter\CodeIgniter->run()
#8 {main}
CRITICAL - 2021-05-07 05:43:39 --> validateUser is not a valid rule.
#0 D:\wamp64\www\HappyPunch\system\Validation\Validation.php(314): CodeIgniter\Validation\Exceptions\ValidationException::forRuleNotFound('validateUser')
#1 D:\wamp64\www\HappyPunch\system\Validation\Validation.php(164): CodeIgniter\Validation\Validation->processRules('password', 'password', 'asdasdasd', Array, Array)
#2 D:\wamp64\www\HappyPunch\system\Controller.php(181): CodeIgniter\Validation\Validation->run()
#3 D:\wamp64\www\HappyPunch\app\Controllers\User.php(26): CodeIgniter\Controller->validate(Array)
#4 D:\wamp64\www\HappyPunch\system\CodeIgniter.php(936): App\Controllers\User->login()
#5 D:\wamp64\www\HappyPunch\system\CodeIgniter.php(432): CodeIgniter\CodeIgniter->runController(Object(App\Controllers\User))
#6 D:\wamp64\www\HappyPunch\system\CodeIgniter.php(333): CodeIgniter\CodeIgniter->handleRequest(NULL, Object(Config\Cache), false)
#7 D:\wamp64\www\HappyPunch\index.php(44): CodeIgniter\CodeIgniter->run()
#8 {main}
CRITICAL - 2021-05-07 05:45:39 --> Cannot use object of type stdClass as array
#0 D:\wamp64\www\HappyPunch\app\Controllers\User.php(34): App\Controllers\User->setUserSession(Object(stdClass))
#1 D:\wamp64\www\HappyPunch\system\CodeIgniter.php(936): App\Controllers\User->login()
#2 D:\wamp64\www\HappyPunch\system\CodeIgniter.php(432): CodeIgniter\CodeIgniter->runController(Object(App\Controllers\User))
#3 D:\wamp64\www\HappyPunch\system\CodeIgniter.php(333): CodeIgniter\CodeIgniter->handleRequest(NULL, Object(Config\Cache), false)
#4 D:\wamp64\www\HappyPunch\index.php(44): CodeIgniter\CodeIgniter->run()
#5 {main}
CRITICAL - 2021-05-07 12:36:55 --> Trying to get property 'id' of non-object
#0 D:\wamp64\www\HappyPunch\app\Controllers\User.php(50): CodeIgniter\Debug\Exceptions->errorHandler(8, 'Trying to get p...', 'D:\\wamp64\\www\\H...', 50, Array)
#1 D:\wamp64\www\HappyPunch\app\Controllers\User.php(35): App\Controllers\User->setUserSession(NULL)
#2 D:\wamp64\www\HappyPunch\system\CodeIgniter.php(936): App\Controllers\User->login()
#3 D:\wamp64\www\HappyPunch\system\CodeIgniter.php(432): CodeIgniter\CodeIgniter->runController(Object(App\Controllers\User))
#4 D:\wamp64\www\HappyPunch\system\CodeIgniter.php(333): CodeIgniter\CodeIgniter->handleRequest(NULL, Object(Config\Cache), false)
#5 D:\wamp64\www\HappyPunch\index.php(44): CodeIgniter\CodeIgniter->run()
#6 {main}
ERROR - 2021-05-07 12:38:40 --> mysqli_sql_exception: Table 'webapp.users' doesn't exist in D:\wamp64\www\HappyPunch\system\Database\MySQLi\Connection.php:314
Stack trace:
#0 D:\wamp64\www\HappyPunch\system\Database\MySQLi\Connection.php(314): mysqli->query('SELECT 1\nFROM `...')
#1 D:\wamp64\www\HappyPunch\system\Database\BaseConnection.php(713): CodeIgniter\Database\MySQLi\Connection->execute('SELECT 1\nFROM `...')
#2 D:\wamp64\www\HappyPunch\system\Database\BaseConnection.php(641): CodeIgniter\Database\BaseConnection->simpleQuery('SELECT 1\nFROM `...')
#3 D:\wamp64\www\HappyPunch\system\Database\BaseBuilder.php(1866): CodeIgniter\Database\BaseConnection->query('SELECT 1\nFROM `...', Array, false)
#4 D:\wamp64\www\HappyPunch\system\Validation\Rules.php(212): CodeIgniter\Database\BaseBuilder->get()
#5 D:\wamp64\www\HappyPunch\system\Validation\Validation.php(306): CodeIgniter\Validation\Rules->is_unique('holamundo@gmail...', 'email', Array, NULL)
#6 D:\wamp64\www\HappyPunch\system\Validation\Validation.php(164): CodeIgniter\Validation\Validation->processRules('email', 'email', 'holamundo@gmail...', Array, Array)
#7 D:\wamp64\www\HappyPunch\system\Controller.php(181): CodeIgniter\Validation\Validation->run()
#8 D:\wamp64\www\HappyPunch\app\Controllers\User.php(74): CodeIgniter\Controller->validate(Array)
#9 D:\wamp64\www\HappyPunch\system\CodeIgniter.php(936): App\Controllers\User->register()
#10 D:\wamp64\www\HappyPunch\system\CodeIgniter.php(432): CodeIgniter\CodeIgniter->runController(Object(App\Controllers\User))
#11 D:\wamp64\www\HappyPunch\system\CodeIgniter.php(333): CodeIgniter\CodeIgniter->handleRequest(NULL, Object(Config\Cache), false)
#12 D:\wamp64\www\HappyPunch\index.php(44): CodeIgniter\CodeIgniter->run()
#13 {main}
CRITICAL - 2021-05-07 12:38:40 --> Table 'webapp.users' doesn't exist
#0 D:\wamp64\www\HappyPunch\system\Database\MySQLi\Connection.php(314): mysqli->query('SELECT 1\nFROM `...')
#1 D:\wamp64\www\HappyPunch\system\Database\BaseConnection.php(713): CodeIgniter\Database\MySQLi\Connection->execute('SELECT 1\nFROM `...')
#2 D:\wamp64\www\HappyPunch\system\Database\BaseConnection.php(641): CodeIgniter\Database\BaseConnection->simpleQuery('SELECT 1\nFROM `...')
#3 D:\wamp64\www\HappyPunch\system\Database\BaseBuilder.php(1866): CodeIgniter\Database\BaseConnection->query('SELECT 1\nFROM `...', Array, false)
#4 D:\wamp64\www\HappyPunch\system\Validation\Rules.php(212): CodeIgniter\Database\BaseBuilder->get()
#5 D:\wamp64\www\HappyPunch\system\Validation\Validation.php(306): CodeIgniter\Validation\Rules->is_unique('holamundo@gmail...', 'email', Array, NULL)
#6 D:\wamp64\www\HappyPunch\system\Validation\Validation.php(164): CodeIgniter\Validation\Validation->processRules('email', 'email', 'holamundo@gmail...', Array, Array)
#7 D:\wamp64\www\HappyPunch\system\Controller.php(181): CodeIgniter\Validation\Validation->run()
#8 D:\wamp64\www\HappyPunch\app\Controllers\User.php(74): CodeIgniter\Controller->validate(Array)
#9 D:\wamp64\www\HappyPunch\system\CodeIgniter.php(936): App\Controllers\User->register()
#10 D:\wamp64\www\HappyPunch\system\CodeIgniter.php(432): CodeIgniter\CodeIgniter->runController(Object(App\Controllers\User))
#11 D:\wamp64\www\HappyPunch\system\CodeIgniter.php(333): CodeIgniter\CodeIgniter->handleRequest(NULL, Object(Config\Cache), false)
#12 D:\wamp64\www\HappyPunch\index.php(44): CodeIgniter\CodeIgniter->run()
#13 {main}
CRITICAL - 2021-05-07 12:40:47 --> Undefined variable: id1
#0 D:\wamp64\www\HappyPunch\app\Views\pages\material.php(3): CodeIgniter\Debug\Exceptions->errorHandler(8, 'Undefined varia...', 'D:\\wamp64\\www\\H...', 3, Array)
#1 D:\wamp64\www\HappyPunch\system\View\View.php(220): include('D:\\wamp64\\www\\H...')
#2 D:\wamp64\www\HappyPunch\system\View\View.php(222): CodeIgniter\View\View->CodeIgniter\View\{closure}()
#3 D:\wamp64\www\HappyPunch\system\Common.php(1217): CodeIgniter\View\View->render('pages/material', Array, true)
#4 D:\wamp64\www\HappyPunch\app\Controllers\Pages.php(54): view('pages/material', Array)
#5 D:\wamp64\www\HappyPunch\system\CodeIgniter.php(936): App\Controllers\Pages->material()
#6 D:\wamp64\www\HappyPunch\system\CodeIgniter.php(432): CodeIgniter\CodeIgniter->runController(Object(App\Controllers\Pages))
#7 D:\wamp64\www\HappyPunch\system\CodeIgniter.php(333): CodeIgniter\CodeIgniter->handleRequest(NULL, Object(Config\Cache), false)
#8 D:\wamp64\www\HappyPunch\index.php(44): CodeIgniter\CodeIgniter->run()
#9 {main}
CRITICAL - 2021-05-07 12:40:53 --> Undefined variable: id1
#0 D:\wamp64\www\HappyPunch\app\Views\pages\material.php(3): CodeIgniter\Debug\Exceptions->errorHandler(8, 'Undefined varia...', 'D:\\wamp64\\www\\H...', 3, Array)
#1 D:\wamp64\www\HappyPunch\system\View\View.php(220): include('D:\\wamp64\\www\\H...')
#2 D:\wamp64\www\HappyPunch\system\View\View.php(222): CodeIgniter\View\View->CodeIgniter\View\{closure}()
#3 D:\wamp64\www\HappyPunch\system\Common.php(1217): CodeIgniter\View\View->render('pages/material', Array, true)
#4 D:\wamp64\www\HappyPunch\app\Controllers\Pages.php(54): view('pages/material', Array)
#5 D:\wamp64\www\HappyPunch\system\CodeIgniter.php(936): App\Controllers\Pages->material()
#6 D:\wamp64\www\HappyPunch\system\CodeIgniter.php(432): CodeIgniter\CodeIgniter->runController(Object(App\Controllers\Pages))
#7 D:\wamp64\www\HappyPunch\system\CodeIgniter.php(333): CodeIgniter\CodeIgniter->handleRequest(NULL, Object(Config\Cache), false)
#8 D:\wamp64\www\HappyPunch\index.php(44): CodeIgniter\CodeIgniter->run()
#9 {main}
CRITICAL - 2021-05-07 12:40:53 --> Undefined variable: id1
#0 D:\wamp64\www\HappyPunch\app\Views\pages\reserva.php(3): CodeIgniter\Debug\Exceptions->errorHandler(8, 'Undefined varia...', 'D:\\wamp64\\www\\H...', 3, Array)
#1 D:\wamp64\www\HappyPunch\system\View\View.php(220): include('D:\\wamp64\\www\\H...')
#2 D:\wamp64\www\HappyPunch\system\View\View.php(222): CodeIgniter\View\View->CodeIgniter\View\{closure}()
#3 D:\wamp64\www\HappyPunch\system\Common.php(1217): CodeIgniter\View\View->render('pages/reserva', Array, true)
#4 D:\wamp64\www\HappyPunch\app\Controllers\Pages.php(37): view('pages/reserva', Array)
#5 D:\wamp64\www\HappyPunch\system\CodeIgniter.php(936): App\Controllers\Pages->reserva()
#6 D:\wamp64\www\HappyPunch\system\CodeIgniter.php(432): CodeIgniter\CodeIgniter->runController(Object(App\Controllers\Pages))
#7 D:\wamp64\www\HappyPunch\system\CodeIgniter.php(333): CodeIgniter\CodeIgniter->handleRequest(NULL, Object(Config\Cache), false)
#8 D:\wamp64\www\HappyPunch\index.php(44): CodeIgniter\CodeIgniter->run()
#9 {main}
CRITICAL - 2021-05-07 13:16:18 --> Undefined variable: id1
#0 D:\wamp64\www\HappyPunch\app\Views\pages\reserva.php(3): CodeIgniter\Debug\Exceptions->errorHandler(8, 'Undefined varia...', 'D:\\wamp64\\www\\H...', 3, Array)
#1 D:\wamp64\www\HappyPunch\system\View\View.php(220): include('D:\\wamp64\\www\\H...')
#2 D:\wamp64\www\HappyPunch\system\View\View.php(222): CodeIgniter\View\View->CodeIgniter\View\{closure}()
#3 D:\wamp64\www\HappyPunch\system\Common.php(1217): CodeIgniter\View\View->render('pages/reserva', Array, true)
#4 D:\wamp64\www\HappyPunch\app\Controllers\Pages.php(37): view('pages/reserva', Array)
#5 D:\wamp64\www\HappyPunch\system\CodeIgniter.php(936): App\Controllers\Pages->reserva()
#6 D:\wamp64\www\HappyPunch\system\CodeIgniter.php(432): CodeIgniter\CodeIgniter->runController(Object(App\Controllers\Pages))
#7 D:\wamp64\www\HappyPunch\system\CodeIgniter.php(333): CodeIgniter\CodeIgniter->handleRequest(NULL, Object(Config\Cache), false)
#8 D:\wamp64\www\HappyPunch\index.php(44): CodeIgniter\CodeIgniter->run()
#9 {main}
CRITICAL - 2021-05-07 13:16:19 --> Undefined variable: id1
#0 D:\wamp64\www\HappyPunch\app\Views\pages\material.php(3): CodeIgniter\Debug\Exceptions->errorHandler(8, 'Undefined varia...', 'D:\\wamp64\\www\\H...', 3, Array)
#1 D:\wamp64\www\HappyPunch\system\View\View.php(220): include('D:\\wamp64\\www\\H...')
#2 D:\wamp64\www\HappyPunch\system\View\View.php(222): CodeIgniter\View\View->CodeIgniter\View\{closure}()
#3 D:\wamp64\www\HappyPunch\system\Common.php(1217): CodeIgniter\View\View->render('pages/material', Array, true)
#4 D:\wamp64\www\HappyPunch\app\Controllers\Pages.php(54): view('pages/material', Array)
#5 D:\wamp64\www\HappyPunch\system\CodeIgniter.php(936): App\Controllers\Pages->material()
#6 D:\wamp64\www\HappyPunch\system\CodeIgniter.php(432): CodeIgniter\CodeIgniter->runController(Object(App\Controllers\Pages))
#7 D:\wamp64\www\HappyPunch\system\CodeIgniter.php(333): CodeIgniter\CodeIgniter->handleRequest(NULL, Object(Config\Cache), false)
#8 D:\wamp64\www\HappyPunch\index.php(44): CodeIgniter\CodeIgniter->run()
#9 {main}
CRITICAL - 2021-05-07 13:16:20 --> Undefined variable: id1
#0 D:\wamp64\www\HappyPunch\app\Views\pages\reserva.php(3): CodeIgniter\Debug\Exceptions->errorHandler(8, 'Undefined varia...', 'D:\\wamp64\\www\\H...', 3, Array)
#1 D:\wamp64\www\HappyPunch\system\View\View.php(220): include('D:\\wamp64\\www\\H...')
#2 D:\wamp64\www\HappyPunch\system\View\View.php(222): CodeIgniter\View\View->CodeIgniter\View\{closure}()
#3 D:\wamp64\www\HappyPunch\system\Common.php(1217): CodeIgniter\View\View->render('pages/reserva', Array, true)
#4 D:\wamp64\www\HappyPunch\app\Controllers\Pages.php(37): view('pages/reserva', Array)
#5 D:\wamp64\www\HappyPunch\system\CodeIgniter.php(936): App\Controllers\Pages->reserva()
#6 D:\wamp64\www\HappyPunch\system\CodeIgniter.php(432): CodeIgniter\CodeIgniter->runController(Object(App\Controllers\Pages))
#7 D:\wamp64\www\HappyPunch\system\CodeIgniter.php(333): CodeIgniter\CodeIgniter->handleRequest(NULL, Object(Config\Cache), false)
#8 D:\wamp64\www\HappyPunch\index.php(44): CodeIgniter\CodeIgniter->run()
#9 {main}
CRITICAL - 2021-05-07 13:16:21 --> Undefined variable: id1
#0 D:\wamp64\www\HappyPunch\app\Views\pages\material.php(3): CodeIgniter\Debug\Exceptions->errorHandler(8, 'Undefined varia...', 'D:\\wamp64\\www\\H...', 3, Array)
#1 D:\wamp64\www\HappyPunch\system\View\View.php(220): include('D:\\wamp64\\www\\H...')
#2 D:\wamp64\www\HappyPunch\system\View\View.php(222): CodeIgniter\View\View->CodeIgniter\View\{closure}()
#3 D:\wamp64\www\HappyPunch\system\Common.php(1217): CodeIgniter\View\View->render('pages/material', Array, true)
#4 D:\wamp64\www\HappyPunch\app\Controllers\Pages.php(54): view('pages/material', Array)
#5 D:\wamp64\www\HappyPunch\system\CodeIgniter.php(936): App\Controllers\Pages->material()
#6 D:\wamp64\www\HappyPunch\system\CodeIgniter.php(432): CodeIgniter\CodeIgniter->runController(Object(App\Controllers\Pages))
#7 D:\wamp64\www\HappyPunch\system\CodeIgniter.php(333): CodeIgniter\CodeIgniter->handleRequest(NULL, Object(Config\Cache), false)
#8 D:\wamp64\www\HappyPunch\index.php(44): CodeIgniter\CodeIgniter->run()
#9 {main}
CRITICAL - 2021-05-07 13:16:22 --> Undefined variable: id1
#0 D:\wamp64\www\HappyPunch\app\Views\pages\reserva.php(3): CodeIgniter\Debug\Exceptions->errorHandler(8, 'Undefined varia...', 'D:\\wamp64\\www\\H...', 3, Array)
#1 D:\wamp64\www\HappyPunch\system\View\View.php(220): include('D:\\wamp64\\www\\H...')
#2 D:\wamp64\www\HappyPunch\system\View\View.php(222): CodeIgniter\View\View->CodeIgniter\View\{closure}()
#3 D:\wamp64\www\HappyPunch\system\Common.php(1217): CodeIgniter\View\View->render('pages/reserva', Array, true)
#4 D:\wamp64\www\HappyPunch\app\Controllers\Pages.php(37): view('pages/reserva', Array)
#5 D:\wamp64\www\HappyPunch\system\CodeIgniter.php(936): App\Controllers\Pages->reserva()
#6 D:\wamp64\www\HappyPunch\system\CodeIgniter.php(432): CodeIgniter\CodeIgniter->runController(Object(App\Controllers\Pages))
#7 D:\wamp64\www\HappyPunch\system\CodeIgniter.php(333): CodeIgniter\CodeIgniter->handleRequest(NULL, Object(Config\Cache), false)
#8 D:\wamp64\www\HappyPunch\index.php(44): CodeIgniter\CodeIgniter->run()
#9 {main}
