CRITICAL - 2021-05-04 02:20:43 --> Argument 1 passed to CodeIgniter\Validation\Validation::setRules() must be of the type array, null given, called in D:\wamp64\www\HappyPunch\system\Controller.php on line 181
#0 D:\wamp64\www\HappyPunch\system\Controller.php(181): CodeIgniter\Validation\Validation->setRules(NULL, Array)
#1 D:\wamp64\www\HappyPunch\app\Controllers\User.php(19): CodeIgniter\Controller->validate(NULL, Array)
#2 D:\wamp64\www\HappyPunch\system\CodeIgniter.php(936): App\Controllers\User->login()
#3 D:\wamp64\www\HappyPunch\system\CodeIgniter.php(432): CodeIgniter\CodeIgniter->runController(Object(App\Controllers\User))
#4 D:\wamp64\www\HappyPunch\system\CodeIgniter.php(333): CodeIgniter\CodeIgniter->handleRequest(NULL, Object(Config\Cache), false)
#5 D:\wamp64\www\HappyPunch\index.php(44): CodeIgniter\CodeIgniter->run()
#6 {main}
CRITICAL - 2021-05-04 02:21:02 --> Argument 1 passed to CodeIgniter\Validation\Validation::setRules() must be of the type array, null given, called in D:\wamp64\www\HappyPunch\system\Controller.php on line 181
#0 D:\wamp64\www\HappyPunch\system\Controller.php(181): CodeIgniter\Validation\Validation->setRules(NULL, Array)
#1 D:\wamp64\www\HappyPunch\app\Controllers\User.php(19): CodeIgniter\Controller->validate(NULL, Array)
#2 D:\wamp64\www\HappyPunch\system\CodeIgniter.php(936): App\Controllers\User->login()
#3 D:\wamp64\www\HappyPunch\system\CodeIgniter.php(432): CodeIgniter\CodeIgniter->runController(Object(App\Controllers\User))
#4 D:\wamp64\www\HappyPunch\system\CodeIgniter.php(333): CodeIgniter\CodeIgniter->handleRequest(NULL, Object(Config\Cache), false)
#5 D:\wamp64\www\HappyPunch\index.php(44): CodeIgniter\CodeIgniter->run()
#6 {main}
CRITICAL - 2021-05-04 02:21:04 --> Argument 1 passed to CodeIgniter\Validation\Validation::setRules() must be of the type array, null given, called in D:\wamp64\www\HappyPunch\system\Controller.php on line 181
#0 D:\wamp64\www\HappyPunch\system\Controller.php(181): CodeIgniter\Validation\Validation->setRules(NULL, Array)
#1 D:\wamp64\www\HappyPunch\app\Controllers\User.php(19): CodeIgniter\Controller->validate(NULL, Array)
#2 D:\wamp64\www\HappyPunch\system\CodeIgniter.php(936): App\Controllers\User->login()
#3 D:\wamp64\www\HappyPunch\system\CodeIgniter.php(432): CodeIgniter\CodeIgniter->runController(Object(App\Controllers\User))
#4 D:\wamp64\www\HappyPunch\system\CodeIgniter.php(333): CodeIgniter\CodeIgniter->handleRequest(NULL, Object(Config\Cache), false)
#5 D:\wamp64\www\HappyPunch\index.php(44): CodeIgniter\CodeIgniter->run()
#6 {main}
CRITICAL - 2021-05-04 02:21:11 --> Argument 1 passed to CodeIgniter\Validation\Validation::setRules() must be of the type array, null given, called in D:\wamp64\www\HappyPunch\system\Controller.php on line 181
#0 D:\wamp64\www\HappyPunch\system\Controller.php(181): CodeIgniter\Validation\Validation->setRules(NULL, Array)
#1 D:\wamp64\www\HappyPunch\app\Controllers\User.php(21): CodeIgniter\Controller->validate(NULL, Array)
#2 D:\wamp64\www\HappyPunch\system\CodeIgniter.php(936): App\Controllers\User->login()
#3 D:\wamp64\www\HappyPunch\system\CodeIgniter.php(432): CodeIgniter\CodeIgniter->runController(Object(App\Controllers\User))
#4 D:\wamp64\www\HappyPunch\system\CodeIgniter.php(333): CodeIgniter\CodeIgniter->handleRequest(NULL, Object(Config\Cache), false)
#5 D:\wamp64\www\HappyPunch\index.php(44): CodeIgniter\CodeIgniter->run()
#6 {main}
CRITICAL - 2021-05-04 02:21:28 --> Argument 1 passed to CodeIgniter\Validation\Validation::setRules() must be of the type array, null given, called in D:\wamp64\www\HappyPunch\system\Controller.php on line 181
#0 D:\wamp64\www\HappyPunch\system\Controller.php(181): CodeIgniter\Validation\Validation->setRules(NULL, Array)
#1 D:\wamp64\www\HappyPunch\app\Controllers\User.php(21): CodeIgniter\Controller->validate(NULL, Array)
#2 D:\wamp64\www\HappyPunch\system\CodeIgniter.php(936): App\Controllers\User->login()
#3 D:\wamp64\www\HappyPunch\system\CodeIgniter.php(432): CodeIgniter\CodeIgniter->runController(Object(App\Controllers\User))
#4 D:\wamp64\www\HappyPunch\system\CodeIgniter.php(333): CodeIgniter\CodeIgniter->handleRequest(NULL, Object(Config\Cache), false)
#5 D:\wamp64\www\HappyPunch\index.php(44): CodeIgniter\CodeIgniter->run()
#6 {main}
CRITICAL - 2021-05-04 02:31:59 --> required,validateUser is not a valid rule.
#0 D:\wamp64\www\HappyPunch\system\Validation\Validation.php(314): CodeIgniter\Validation\Exceptions\ValidationException::forRuleNotFound('required,valida...')
#1 D:\wamp64\www\HappyPunch\system\Validation\Validation.php(164): CodeIgniter\Validation\Validation->processRules('password', 'password', '', Array, Array)
#2 D:\wamp64\www\HappyPunch\system\Controller.php(181): CodeIgniter\Validation\Validation->run()
#3 D:\wamp64\www\HappyPunch\app\Controllers\User.php(25): CodeIgniter\Controller->validate(Array, Array)
#4 D:\wamp64\www\HappyPunch\system\CodeIgniter.php(936): App\Controllers\User->login()
#5 D:\wamp64\www\HappyPunch\system\CodeIgniter.php(432): CodeIgniter\CodeIgniter->runController(Object(App\Controllers\User))
#6 D:\wamp64\www\HappyPunch\system\CodeIgniter.php(333): CodeIgniter\CodeIgniter->handleRequest(NULL, Object(Config\Cache), false)
#7 D:\wamp64\www\HappyPunch\index.php(44): CodeIgniter\CodeIgniter->run()
#8 {main}
CRITICAL - 2021-05-04 02:32:08 --> required,validateUser is not a valid rule.
#0 D:\wamp64\www\HappyPunch\system\Validation\Validation.php(314): CodeIgniter\Validation\Exceptions\ValidationException::forRuleNotFound('required,valida...')
#1 D:\wamp64\www\HappyPunch\system\Validation\Validation.php(164): CodeIgniter\Validation\Validation->processRules('password', 'password', '', Array, Array)
#2 D:\wamp64\www\HappyPunch\system\Controller.php(181): CodeIgniter\Validation\Validation->run()
#3 D:\wamp64\www\HappyPunch\app\Controllers\User.php(25): CodeIgniter\Controller->validate(Array, Array)
#4 D:\wamp64\www\HappyPunch\system\CodeIgniter.php(936): App\Controllers\User->login()
#5 D:\wamp64\www\HappyPunch\system\CodeIgniter.php(432): CodeIgniter\CodeIgniter->runController(Object(App\Controllers\User))
#6 D:\wamp64\www\HappyPunch\system\CodeIgniter.php(333): CodeIgniter\CodeIgniter->handleRequest(NULL, Object(Config\Cache), false)
#7 D:\wamp64\www\HappyPunch\index.php(44): CodeIgniter\CodeIgniter->run()
#8 {main}
CRITICAL - 2021-05-04 02:32:54 --> required,validateUser is not a valid rule.
#0 D:\wamp64\www\HappyPunch\system\Validation\Validation.php(314): CodeIgniter\Validation\Exceptions\ValidationException::forRuleNotFound('required,valida...')
#1 D:\wamp64\www\HappyPunch\system\Validation\Validation.php(164): CodeIgniter\Validation\Validation->processRules('password', 'password', '', Array, Array)
#2 D:\wamp64\www\HappyPunch\system\Controller.php(181): CodeIgniter\Validation\Validation->run()
#3 D:\wamp64\www\HappyPunch\app\Controllers\User.php(25): CodeIgniter\Controller->validate(Array, Array)
#4 D:\wamp64\www\HappyPunch\system\CodeIgniter.php(936): App\Controllers\User->login()
#5 D:\wamp64\www\HappyPunch\system\CodeIgniter.php(432): CodeIgniter\CodeIgniter->runController(Object(App\Controllers\User))
#6 D:\wamp64\www\HappyPunch\system\CodeIgniter.php(333): CodeIgniter\CodeIgniter->handleRequest(NULL, Object(Config\Cache), false)
#7 D:\wamp64\www\HappyPunch\index.php(44): CodeIgniter\CodeIgniter->run()
#8 {main}
CRITICAL - 2021-05-04 02:51:18 --> syntax error, unexpected '}', expecting ')'
#0 D:\wamp64\www\HappyPunch\system\Router\Router.php(170): CodeIgniter\Router\Router->autoRoute('user/login')
#1 D:\wamp64\www\HappyPunch\system\CodeIgniter.php(816): CodeIgniter\Router\Router->handle('user/login')
#2 D:\wamp64\www\HappyPunch\system\CodeIgniter.php(385): CodeIgniter\CodeIgniter->tryToRouteIt(Object(CodeIgniter\Router\RouteCollection))
#3 D:\wamp64\www\HappyPunch\system\CodeIgniter.php(333): CodeIgniter\CodeIgniter->handleRequest(NULL, Object(Config\Cache), false)
#4 D:\wamp64\www\HappyPunch\index.php(44): CodeIgniter\CodeIgniter->run()
#5 {main}
ERROR - 2021-05-04 02:54:07 --> mysqli_sql_exception: Table 'webapp.users' doesn't exist in D:\wamp64\www\HappyPunch\system\Database\MySQLi\Connection.php:314
Stack trace:
#0 D:\wamp64\www\HappyPunch\system\Database\MySQLi\Connection.php(314): mysqli->query('SELECT 1\nFROM `...')
#1 D:\wamp64\www\HappyPunch\system\Database\BaseConnection.php(713): CodeIgniter\Database\MySQLi\Connection->execute('SELECT 1\nFROM `...')
#2 D:\wamp64\www\HappyPunch\system\Database\BaseConnection.php(641): CodeIgniter\Database\BaseConnection->simpleQuery('SELECT 1\nFROM `...')
#3 D:\wamp64\www\HappyPunch\system\Database\BaseBuilder.php(1866): CodeIgniter\Database\BaseConnection->query('SELECT 1\nFROM `...', Array, false)
#4 D:\wamp64\www\HappyPunch\system\Validation\Rules.php(212): CodeIgniter\Database\BaseBuilder->get()
#5 D:\wamp64\www\HappyPunch\system\Validation\Validation.php(306): CodeIgniter\Validation\Rules->is_unique('prueba@algo.com', 'email', Array, NULL)
#6 D:\wamp64\www\HappyPunch\system\Validation\Validation.php(164): CodeIgniter\Validation\Validation->processRules('email', 'email', 'prueba@algo.com', Array, Array)
#7 D:\wamp64\www\HappyPunch\system\Controller.php(181): CodeIgniter\Validation\Validation->run()
#8 D:\wamp64\www\HappyPunch\app\Controllers\User.php(70): CodeIgniter\Controller->validate(Array)
#9 D:\wamp64\www\HappyPunch\system\CodeIgniter.php(936): App\Controllers\User->register()
#10 D:\wamp64\www\HappyPunch\system\CodeIgniter.php(432): CodeIgniter\CodeIgniter->runController(Object(App\Controllers\User))
#11 D:\wamp64\www\HappyPunch\system\CodeIgniter.php(333): CodeIgniter\CodeIgniter->handleRequest(NULL, Object(Config\Cache), false)
#12 D:\wamp64\www\HappyPunch\index.php(44): CodeIgniter\CodeIgniter->run()
#13 {main}
ERROR - 2021-05-04 02:54:16 --> mysqli_sql_exception: Table 'webapp.users' doesn't exist in D:\wamp64\www\HappyPunch\system\Database\MySQLi\Connection.php:314
Stack trace:
#0 D:\wamp64\www\HappyPunch\system\Database\MySQLi\Connection.php(314): mysqli->query('SELECT 1\nFROM `...')
#1 D:\wamp64\www\HappyPunch\system\Database\BaseConnection.php(713): CodeIgniter\Database\MySQLi\Connection->execute('SELECT 1\nFROM `...')
#2 D:\wamp64\www\HappyPunch\system\Database\BaseConnection.php(641): CodeIgniter\Database\BaseConnection->simpleQuery('SELECT 1\nFROM `...')
#3 D:\wamp64\www\HappyPunch\system\Database\BaseBuilder.php(1866): CodeIgniter\Database\BaseConnection->query('SELECT 1\nFROM `...', Array, false)
#4 D:\wamp64\www\HappyPunch\system\Validation\Rules.php(212): CodeIgniter\Database\BaseBuilder->get()
#5 D:\wamp64\www\HappyPunch\system\Validation\Validation.php(306): CodeIgniter\Validation\Rules->is_unique('prueba@algo.com', 'email', Array, NULL)
#6 D:\wamp64\www\HappyPunch\system\Validation\Validation.php(164): CodeIgniter\Validation\Validation->processRules('email', 'email', 'prueba@algo.com', Array, Array)
#7 D:\wamp64\www\HappyPunch\system\Controller.php(181): CodeIgniter\Validation\Validation->run()
#8 D:\wamp64\www\HappyPunch\app\Controllers\User.php(70): CodeIgniter\Controller->validate(Array)
#9 D:\wamp64\www\HappyPunch\system\CodeIgniter.php(936): App\Controllers\User->register()
#10 D:\wamp64\www\HappyPunch\system\CodeIgniter.php(432): CodeIgniter\CodeIgniter->runController(Object(App\Controllers\User))
#11 D:\wamp64\www\HappyPunch\system\CodeIgniter.php(333): CodeIgniter\CodeIgniter->handleRequest(NULL, Object(Config\Cache), false)
#12 D:\wamp64\www\HappyPunch\index.php(44): CodeIgniter\CodeIgniter->run()
#13 {main}
CRITICAL - 2021-05-04 02:54:16 --> Call to undefined method App\Models\UserModel::num_rows
#0 D:\wamp64\www\HappyPunch\app\Controllers\User.php(83): CodeIgniter\Model->__call('num_rows', Array)
#1 D:\wamp64\www\HappyPunch\system\CodeIgniter.php(936): App\Controllers\User->register()
#2 D:\wamp64\www\HappyPunch\system\CodeIgniter.php(432): CodeIgniter\CodeIgniter->runController(Object(App\Controllers\User))
#3 D:\wamp64\www\HappyPunch\system\CodeIgniter.php(333): CodeIgniter\CodeIgniter->handleRequest(NULL, Object(Config\Cache), false)
#4 D:\wamp64\www\HappyPunch\index.php(44): CodeIgniter\CodeIgniter->run()
#5 {main}
CRITICAL - 2021-05-04 02:55:56 --> validateUser is not a valid rule.
#0 D:\wamp64\www\HappyPunch\system\Validation\Validation.php(314): CodeIgniter\Validation\Exceptions\ValidationException::forRuleNotFound('validateUser')
#1 D:\wamp64\www\HappyPunch\system\Validation\Validation.php(164): CodeIgniter\Validation\Validation->processRules('password', 'password', '123124535345', Array, Array)
#2 D:\wamp64\www\HappyPunch\system\Controller.php(181): CodeIgniter\Validation\Validation->run()
#3 D:\wamp64\www\HappyPunch\app\Controllers\User.php(25): CodeIgniter\Controller->validate(Array, Array)
#4 D:\wamp64\www\HappyPunch\system\CodeIgniter.php(936): App\Controllers\User->login()
#5 D:\wamp64\www\HappyPunch\system\CodeIgniter.php(432): CodeIgniter\CodeIgniter->runController(Object(App\Controllers\User))
#6 D:\wamp64\www\HappyPunch\system\CodeIgniter.php(333): CodeIgniter\CodeIgniter->handleRequest(NULL, Object(Config\Cache), false)
#7 D:\wamp64\www\HappyPunch\index.php(44): CodeIgniter\CodeIgniter->run()
#8 {main}
CRITICAL - 2021-05-04 02:56:39 --> validateUser is not a valid rule.
#0 D:\wamp64\www\HappyPunch\system\Validation\Validation.php(314): CodeIgniter\Validation\Exceptions\ValidationException::forRuleNotFound('validateUser')
#1 D:\wamp64\www\HappyPunch\system\Validation\Validation.php(164): CodeIgniter\Validation\Validation->processRules('password', 'password', '123124535345', Array, Array)
#2 D:\wamp64\www\HappyPunch\system\Controller.php(181): CodeIgniter\Validation\Validation->run()
#3 D:\wamp64\www\HappyPunch\app\Controllers\User.php(26): CodeIgniter\Controller->validate(Array, Array)
#4 D:\wamp64\www\HappyPunch\system\CodeIgniter.php(936): App\Controllers\User->login()
#5 D:\wamp64\www\HappyPunch\system\CodeIgniter.php(432): CodeIgniter\CodeIgniter->runController(Object(App\Controllers\User))
#6 D:\wamp64\www\HappyPunch\system\CodeIgniter.php(333): CodeIgniter\CodeIgniter->handleRequest(NULL, Object(Config\Cache), false)
#7 D:\wamp64\www\HappyPunch\index.php(44): CodeIgniter\CodeIgniter->run()
#8 {main}
CRITICAL - 2021-05-04 02:56:54 --> validateUser is not a valid rule.
#0 D:\wamp64\www\HappyPunch\system\Validation\Validation.php(314): CodeIgniter\Validation\Exceptions\ValidationException::forRuleNotFound('validateUser')
#1 D:\wamp64\www\HappyPunch\system\Validation\Validation.php(164): CodeIgniter\Validation\Validation->processRules('password', 'password', '123124535345', Array, Array)
#2 D:\wamp64\www\HappyPunch\system\Controller.php(181): CodeIgniter\Validation\Validation->run()
#3 D:\wamp64\www\HappyPunch\app\Controllers\User.php(26): CodeIgniter\Controller->validate(Array, Array)
#4 D:\wamp64\www\HappyPunch\system\CodeIgniter.php(936): App\Controllers\User->login()
#5 D:\wamp64\www\HappyPunch\system\CodeIgniter.php(432): CodeIgniter\CodeIgniter->runController(Object(App\Controllers\User))
#6 D:\wamp64\www\HappyPunch\system\CodeIgniter.php(333): CodeIgniter\CodeIgniter->handleRequest(NULL, Object(Config\Cache), false)
#7 D:\wamp64\www\HappyPunch\index.php(44): CodeIgniter\CodeIgniter->run()
#8 {main}
CRITICAL - 2021-05-04 02:57:17 --> validateUser is not a valid rule.
#0 D:\wamp64\www\HappyPunch\system\Validation\Validation.php(314): CodeIgniter\Validation\Exceptions\ValidationException::forRuleNotFound('validateUser')
#1 D:\wamp64\www\HappyPunch\system\Validation\Validation.php(164): CodeIgniter\Validation\Validation->processRules('password', 'password', '123124535345', Array, Array)
#2 D:\wamp64\www\HappyPunch\system\Controller.php(181): CodeIgniter\Validation\Validation->run()
#3 D:\wamp64\www\HappyPunch\app\Controllers\User.php(26): CodeIgniter\Controller->validate(Array, Array)
#4 D:\wamp64\www\HappyPunch\system\CodeIgniter.php(936): App\Controllers\User->login()
#5 D:\wamp64\www\HappyPunch\system\CodeIgniter.php(432): CodeIgniter\CodeIgniter->runController(Object(App\Controllers\User))
#6 D:\wamp64\www\HappyPunch\system\CodeIgniter.php(333): CodeIgniter\CodeIgniter->handleRequest(NULL, Object(Config\Cache), false)
#7 D:\wamp64\www\HappyPunch\index.php(44): CodeIgniter\CodeIgniter->run()
#8 {main}
CRITICAL - 2021-05-04 02:57:52 --> validateUser is not a valid rule.
#0 D:\wamp64\www\HappyPunch\system\Validation\Validation.php(314): CodeIgniter\Validation\Exceptions\ValidationException::forRuleNotFound('validateUser')
#1 D:\wamp64\www\HappyPunch\system\Validation\Validation.php(164): CodeIgniter\Validation\Validation->processRules('password', 'password', '123124535345', Array, Array)
#2 D:\wamp64\www\HappyPunch\system\Controller.php(181): CodeIgniter\Validation\Validation->run()
#3 D:\wamp64\www\HappyPunch\app\Controllers\User.php(27): CodeIgniter\Controller->validate(Array, Array)
#4 D:\wamp64\www\HappyPunch\system\CodeIgniter.php(936): App\Controllers\User->login()
#5 D:\wamp64\www\HappyPunch\system\CodeIgniter.php(432): CodeIgniter\CodeIgniter->runController(Object(App\Controllers\User))
#6 D:\wamp64\www\HappyPunch\system\CodeIgniter.php(333): CodeIgniter\CodeIgniter->handleRequest(NULL, Object(Config\Cache), false)
#7 D:\wamp64\www\HappyPunch\index.php(44): CodeIgniter\CodeIgniter->run()
#8 {main}
CRITICAL - 2021-05-04 02:57:58 --> Argument 2 passed to CodeIgniter\Controller::validate() must be of the type array, null given, called in D:\wamp64\www\HappyPunch\app\Controllers\User.php on line 23
#0 D:\wamp64\www\HappyPunch\app\Controllers\User.php(23): CodeIgniter\Controller->validate(Array, NULL)
#1 D:\wamp64\www\HappyPunch\system\CodeIgniter.php(936): App\Controllers\User->login()
#2 D:\wamp64\www\HappyPunch\system\CodeIgniter.php(432): CodeIgniter\CodeIgniter->runController(Object(App\Controllers\User))
#3 D:\wamp64\www\HappyPunch\system\CodeIgniter.php(333): CodeIgniter\CodeIgniter->handleRequest(NULL, Object(Config\Cache), false)
#4 D:\wamp64\www\HappyPunch\index.php(44): CodeIgniter\CodeIgniter->run()
#5 {main}
CRITICAL - 2021-05-04 02:58:03 --> Argument 2 passed to CodeIgniter\Controller::validate() must be of the type array, null given, called in D:\wamp64\www\HappyPunch\app\Controllers\User.php on line 23
#0 D:\wamp64\www\HappyPunch\app\Controllers\User.php(23): CodeIgniter\Controller->validate(Array, NULL)
#1 D:\wamp64\www\HappyPunch\system\CodeIgniter.php(936): App\Controllers\User->login()
#2 D:\wamp64\www\HappyPunch\system\CodeIgniter.php(432): CodeIgniter\CodeIgniter->runController(Object(App\Controllers\User))
#3 D:\wamp64\www\HappyPunch\system\CodeIgniter.php(333): CodeIgniter\CodeIgniter->handleRequest(NULL, Object(Config\Cache), false)
#4 D:\wamp64\www\HappyPunch\index.php(44): CodeIgniter\CodeIgniter->run()
#5 {main}
CRITICAL - 2021-05-04 02:58:07 --> Argument 2 passed to CodeIgniter\Controller::validate() must be of the type array, null given, called in D:\wamp64\www\HappyPunch\app\Controllers\User.php on line 23
#0 D:\wamp64\www\HappyPunch\app\Controllers\User.php(23): CodeIgniter\Controller->validate(Array, NULL)
#1 D:\wamp64\www\HappyPunch\system\CodeIgniter.php(936): App\Controllers\User->login()
#2 D:\wamp64\www\HappyPunch\system\CodeIgniter.php(432): CodeIgniter\CodeIgniter->runController(Object(App\Controllers\User))
#3 D:\wamp64\www\HappyPunch\system\CodeIgniter.php(333): CodeIgniter\CodeIgniter->handleRequest(NULL, Object(Config\Cache), false)
#4 D:\wamp64\www\HappyPunch\index.php(44): CodeIgniter\CodeIgniter->run()
#5 {main}
CRITICAL - 2021-05-04 02:58:10 --> Argument 2 passed to CodeIgniter\Controller::validate() must be of the type array, null given, called in D:\wamp64\www\HappyPunch\app\Controllers\User.php on line 23
#0 D:\wamp64\www\HappyPunch\app\Controllers\User.php(23): CodeIgniter\Controller->validate(Array, NULL)
#1 D:\wamp64\www\HappyPunch\system\CodeIgniter.php(936): App\Controllers\User->login()
#2 D:\wamp64\www\HappyPunch\system\CodeIgniter.php(432): CodeIgniter\CodeIgniter->runController(Object(App\Controllers\User))
#3 D:\wamp64\www\HappyPunch\system\CodeIgniter.php(333): CodeIgniter\CodeIgniter->handleRequest(NULL, Object(Config\Cache), false)
#4 D:\wamp64\www\HappyPunch\index.php(44): CodeIgniter\CodeIgniter->run()
#5 {main}
CRITICAL - 2021-05-04 03:00:31 --> Argument 2 passed to CodeIgniter\Controller::validate() must be of the type array, null given, called in D:\wamp64\www\HappyPunch\app\Controllers\User.php on line 19
#0 D:\wamp64\www\HappyPunch\app\Controllers\User.php(19): CodeIgniter\Controller->validate(Array, NULL)
#1 D:\wamp64\www\HappyPunch\system\CodeIgniter.php(936): App\Controllers\User->login()
#2 D:\wamp64\www\HappyPunch\system\CodeIgniter.php(432): CodeIgniter\CodeIgniter->runController(Object(App\Controllers\User))
#3 D:\wamp64\www\HappyPunch\system\CodeIgniter.php(333): CodeIgniter\CodeIgniter->handleRequest(NULL, Object(Config\Cache), false)
#4 D:\wamp64\www\HappyPunch\index.php(44): CodeIgniter\CodeIgniter->run()
#5 {main}
CRITICAL - 2021-05-04 03:02:57 --> validateUser is not a valid rule.
#0 D:\wamp64\www\HappyPunch\system\Validation\Validation.php(314): CodeIgniter\Validation\Exceptions\ValidationException::forRuleNotFound('validateUser')
#1 D:\wamp64\www\HappyPunch\system\Validation\Validation.php(164): CodeIgniter\Validation\Validation->processRules('password', 'password', 'asdddddffdgfdgh...', Array, Array)
#2 D:\wamp64\www\HappyPunch\system\Controller.php(181): CodeIgniter\Validation\Validation->run()
#3 D:\wamp64\www\HappyPunch\app\Controllers\User.php(26): CodeIgniter\Controller->validate(Array, Array)
#4 D:\wamp64\www\HappyPunch\system\CodeIgniter.php(936): App\Controllers\User->login()
#5 D:\wamp64\www\HappyPunch\system\CodeIgniter.php(432): CodeIgniter\CodeIgniter->runController(Object(App\Controllers\User))
#6 D:\wamp64\www\HappyPunch\system\CodeIgniter.php(333): CodeIgniter\CodeIgniter->handleRequest(NULL, Object(Config\Cache), false)
#7 D:\wamp64\www\HappyPunch\index.php(44): CodeIgniter\CodeIgniter->run()
#8 {main}
CRITICAL - 2021-05-04 03:03:13 --> validateUser is not a valid rule.
#0 D:\wamp64\www\HappyPunch\system\Validation\Validation.php(314): CodeIgniter\Validation\Exceptions\ValidationException::forRuleNotFound('validateUser')
#1 D:\wamp64\www\HappyPunch\system\Validation\Validation.php(164): CodeIgniter\Validation\Validation->processRules('password', 'password', 'fdg5645hyhdfsjf...', Array, Array)
#2 D:\wamp64\www\HappyPunch\system\Controller.php(181): CodeIgniter\Validation\Validation->run()
#3 D:\wamp64\www\HappyPunch\app\Controllers\User.php(26): CodeIgniter\Controller->validate(Array, Array)
#4 D:\wamp64\www\HappyPunch\system\CodeIgniter.php(936): App\Controllers\User->login()
#5 D:\wamp64\www\HappyPunch\system\CodeIgniter.php(432): CodeIgniter\CodeIgniter->runController(Object(App\Controllers\User))
#6 D:\wamp64\www\HappyPunch\system\CodeIgniter.php(333): CodeIgniter\CodeIgniter->handleRequest(NULL, Object(Config\Cache), false)
#7 D:\wamp64\www\HappyPunch\index.php(44): CodeIgniter\CodeIgniter->run()
#8 {main}
CRITICAL - 2021-05-04 03:05:38 --> validateUser is not a valid rule.
#0 D:\wamp64\www\HappyPunch\system\Validation\Validation.php(314): CodeIgniter\Validation\Exceptions\ValidationException::forRuleNotFound('validateUser')
#1 D:\wamp64\www\HappyPunch\system\Validation\Validation.php(164): CodeIgniter\Validation\Validation->processRules('password', 'password', '345667899099888...', Array, Array)
#2 D:\wamp64\www\HappyPunch\system\Controller.php(181): CodeIgniter\Validation\Validation->run()
#3 D:\wamp64\www\HappyPunch\app\Controllers\User.php(26): CodeIgniter\Controller->validate(Array, Array)
#4 D:\wamp64\www\HappyPunch\system\CodeIgniter.php(936): App\Controllers\User->login()
#5 D:\wamp64\www\HappyPunch\system\CodeIgniter.php(432): CodeIgniter\CodeIgniter->runController(Object(App\Controllers\User))
#6 D:\wamp64\www\HappyPunch\system\CodeIgniter.php(333): CodeIgniter\CodeIgniter->handleRequest(NULL, Object(Config\Cache), false)
#7 D:\wamp64\www\HappyPunch\index.php(44): CodeIgniter\CodeIgniter->run()
#8 {main}
CRITICAL - 2021-05-04 03:06:10 --> validateUser is not a valid rule.
#0 D:\wamp64\www\HappyPunch\system\Validation\Validation.php(314): CodeIgniter\Validation\Exceptions\ValidationException::forRuleNotFound('validateUser')
#1 D:\wamp64\www\HappyPunch\system\Validation\Validation.php(164): CodeIgniter\Validation\Validation->processRules('password', 'password', '827ccb0eea8a706...', Array, Array)
#2 D:\wamp64\www\HappyPunch\system\Controller.php(181): CodeIgniter\Validation\Validation->run()
#3 D:\wamp64\www\HappyPunch\app\Controllers\User.php(26): CodeIgniter\Controller->validate(Array, Array)
#4 D:\wamp64\www\HappyPunch\system\CodeIgniter.php(936): App\Controllers\User->login()
#5 D:\wamp64\www\HappyPunch\system\CodeIgniter.php(432): CodeIgniter\CodeIgniter->runController(Object(App\Controllers\User))
#6 D:\wamp64\www\HappyPunch\system\CodeIgniter.php(333): CodeIgniter\CodeIgniter->handleRequest(NULL, Object(Config\Cache), false)
#7 D:\wamp64\www\HappyPunch\index.php(44): CodeIgniter\CodeIgniter->run()
#8 {main}
CRITICAL - 2021-05-04 03:06:27 --> validateUser is not a valid rule.
#0 D:\wamp64\www\HappyPunch\system\Validation\Validation.php(314): CodeIgniter\Validation\Exceptions\ValidationException::forRuleNotFound('validateUser')
#1 D:\wamp64\www\HappyPunch\system\Validation\Validation.php(164): CodeIgniter\Validation\Validation->processRules('password', 'password', '827ccb0eea8a706...', Array, Array)
#2 D:\wamp64\www\HappyPunch\system\Controller.php(181): CodeIgniter\Validation\Validation->run()
#3 D:\wamp64\www\HappyPunch\app\Controllers\User.php(26): CodeIgniter\Controller->validate(Array, Array)
#4 D:\wamp64\www\HappyPunch\system\CodeIgniter.php(936): App\Controllers\User->login()
#5 D:\wamp64\www\HappyPunch\system\CodeIgniter.php(432): CodeIgniter\CodeIgniter->runController(Object(App\Controllers\User))
#6 D:\wamp64\www\HappyPunch\system\CodeIgniter.php(333): CodeIgniter\CodeIgniter->handleRequest(NULL, Object(Config\Cache), false)
#7 D:\wamp64\www\HappyPunch\index.php(44): CodeIgniter\CodeIgniter->run()
#8 {main}
CRITICAL - 2021-05-04 03:06:34 --> validateUser is not a valid rule.
#0 D:\wamp64\www\HappyPunch\system\Validation\Validation.php(314): CodeIgniter\Validation\Exceptions\ValidationException::forRuleNotFound('validateUser')
#1 D:\wamp64\www\HappyPunch\system\Validation\Validation.php(164): CodeIgniter\Validation\Validation->processRules('password', 'password', 'prueba@algo.com', Array, Array)
#2 D:\wamp64\www\HappyPunch\system\Controller.php(181): CodeIgniter\Validation\Validation->run()
#3 D:\wamp64\www\HappyPunch\app\Controllers\User.php(26): CodeIgniter\Controller->validate(Array, Array)
#4 D:\wamp64\www\HappyPunch\system\CodeIgniter.php(936): App\Controllers\User->login()
#5 D:\wamp64\www\HappyPunch\system\CodeIgniter.php(432): CodeIgniter\CodeIgniter->runController(Object(App\Controllers\User))
#6 D:\wamp64\www\HappyPunch\system\CodeIgniter.php(333): CodeIgniter\CodeIgniter->handleRequest(NULL, Object(Config\Cache), false)
#7 D:\wamp64\www\HappyPunch\index.php(44): CodeIgniter\CodeIgniter->run()
#8 {main}
CRITICAL - 2021-05-04 03:06:53 --> validateUser is not a valid rule.
#0 D:\wamp64\www\HappyPunch\system\Validation\Validation.php(314): CodeIgniter\Validation\Exceptions\ValidationException::forRuleNotFound('validateUser')
#1 D:\wamp64\www\HappyPunch\system\Validation\Validation.php(164): CodeIgniter\Validation\Validation->processRules('password', 'password', 'prueba@algo.com', Array, Array)
#2 D:\wamp64\www\HappyPunch\system\Controller.php(181): CodeIgniter\Validation\Validation->run()
#3 D:\wamp64\www\HappyPunch\app\Controllers\User.php(22): CodeIgniter\Controller->validate(Array)
#4 D:\wamp64\www\HappyPunch\system\CodeIgniter.php(936): App\Controllers\User->login()
#5 D:\wamp64\www\HappyPunch\system\CodeIgniter.php(432): CodeIgniter\CodeIgniter->runController(Object(App\Controllers\User))
#6 D:\wamp64\www\HappyPunch\system\CodeIgniter.php(333): CodeIgniter\CodeIgniter->handleRequest(NULL, Object(Config\Cache), false)
#7 D:\wamp64\www\HappyPunch\index.php(44): CodeIgniter\CodeIgniter->run()
#8 {main}
CRITICAL - 2021-05-04 03:06:59 --> validateUser is not a valid rule.
#0 D:\wamp64\www\HappyPunch\system\Validation\Validation.php(314): CodeIgniter\Validation\Exceptions\ValidationException::forRuleNotFound('validateUser')
#1 D:\wamp64\www\HappyPunch\system\Validation\Validation.php(164): CodeIgniter\Validation\Validation->processRules('password', 'password', 'prueba@algo.com', Array, Array)
#2 D:\wamp64\www\HappyPunch\system\Controller.php(181): CodeIgniter\Validation\Validation->run()
#3 D:\wamp64\www\HappyPunch\app\Controllers\User.php(22): CodeIgniter\Controller->validate(Array)
#4 D:\wamp64\www\HappyPunch\system\CodeIgniter.php(936): App\Controllers\User->login()
#5 D:\wamp64\www\HappyPunch\system\CodeIgniter.php(432): CodeIgniter\CodeIgniter->runController(Object(App\Controllers\User))
#6 D:\wamp64\www\HappyPunch\system\CodeIgniter.php(333): CodeIgniter\CodeIgniter->handleRequest(NULL, Object(Config\Cache), false)
#7 D:\wamp64\www\HappyPunch\index.php(44): CodeIgniter\CodeIgniter->run()
#8 {main}
CRITICAL - 2021-05-04 03:10:35 --> validateUser is not a valid rule.
#0 D:\wamp64\www\HappyPunch\system\Validation\Validation.php(314): CodeIgniter\Validation\Exceptions\ValidationException::forRuleNotFound('validateUser')
#1 D:\wamp64\www\HappyPunch\system\Validation\Validation.php(164): CodeIgniter\Validation\Validation->processRules('password', 'password', 'asdfasdfasdfasd...', Array, Array)
#2 D:\wamp64\www\HappyPunch\system\Controller.php(181): CodeIgniter\Validation\Validation->run()
#3 D:\wamp64\www\HappyPunch\app\Controllers\User.php(26): CodeIgniter\Controller->validate(Array, Array)
#4 D:\wamp64\www\HappyPunch\system\CodeIgniter.php(936): App\Controllers\User->login()
#5 D:\wamp64\www\HappyPunch\system\CodeIgniter.php(432): CodeIgniter\CodeIgniter->runController(Object(App\Controllers\User))
#6 D:\wamp64\www\HappyPunch\system\CodeIgniter.php(333): CodeIgniter\CodeIgniter->handleRequest(NULL, Object(Config\Cache), false)
#7 D:\wamp64\www\HappyPunch\index.php(44): CodeIgniter\CodeIgniter->run()
#8 {main}
CRITICAL - 2021-05-04 03:11:39 --> validateUser is not a valid rule.
#0 D:\wamp64\www\HappyPunch\system\Validation\Validation.php(314): CodeIgniter\Validation\Exceptions\ValidationException::forRuleNotFound('validateUser')
#1 D:\wamp64\www\HappyPunch\system\Validation\Validation.php(164): CodeIgniter\Validation\Validation->processRules('password', 'password', '827ccb0eea8a706...', Array, Array)
#2 D:\wamp64\www\HappyPunch\system\Controller.php(181): CodeIgniter\Validation\Validation->run()
#3 D:\wamp64\www\HappyPunch\app\Controllers\User.php(26): CodeIgniter\Controller->validate(Array, Array)
#4 D:\wamp64\www\HappyPunch\system\CodeIgniter.php(936): App\Controllers\User->login()
#5 D:\wamp64\www\HappyPunch\system\CodeIgniter.php(432): CodeIgniter\CodeIgniter->runController(Object(App\Controllers\User))
#6 D:\wamp64\www\HappyPunch\system\CodeIgniter.php(333): CodeIgniter\CodeIgniter->handleRequest(NULL, Object(Config\Cache), false)
#7 D:\wamp64\www\HappyPunch\index.php(44): CodeIgniter\CodeIgniter->run()
#8 {main}
CRITICAL - 2021-05-04 03:43:00 --> syntax error, unexpected 'private' (T_PRIVATE)
#0 D:\wamp64\www\HappyPunch\system\Router\Router.php(170): CodeIgniter\Router\Router->autoRoute('user/login')
#1 D:\wamp64\www\HappyPunch\system\CodeIgniter.php(816): CodeIgniter\Router\Router->handle('user/login')
#2 D:\wamp64\www\HappyPunch\system\CodeIgniter.php(385): CodeIgniter\CodeIgniter->tryToRouteIt(Object(CodeIgniter\Router\RouteCollection))
#3 D:\wamp64\www\HappyPunch\system\CodeIgniter.php(333): CodeIgniter\CodeIgniter->handleRequest(NULL, Object(Config\Cache), false)
#4 D:\wamp64\www\HappyPunch\index.php(44): CodeIgniter\CodeIgniter->run()
#5 {main}
CRITICAL - 2021-05-04 03:43:35 --> validateUser is not a valid rule.
#0 D:\wamp64\www\HappyPunch\system\Validation\Validation.php(314): CodeIgniter\Validation\Exceptions\ValidationException::forRuleNotFound('validateUser')
#1 D:\wamp64\www\HappyPunch\system\Validation\Validation.php(164): CodeIgniter\Validation\Validation->processRules('password', 'password', 'dsafasdfasdfasd...', Array, Array)
#2 D:\wamp64\www\HappyPunch\system\Controller.php(181): CodeIgniter\Validation\Validation->run()
#3 D:\wamp64\www\HappyPunch\app\Controllers\User.php(26): CodeIgniter\Controller->validate(Array, Array)
#4 D:\wamp64\www\HappyPunch\system\CodeIgniter.php(936): App\Controllers\User->login()
#5 D:\wamp64\www\HappyPunch\system\CodeIgniter.php(432): CodeIgniter\CodeIgniter->runController(Object(App\Controllers\User))
#6 D:\wamp64\www\HappyPunch\system\CodeIgniter.php(333): CodeIgniter\CodeIgniter->handleRequest(NULL, Object(Config\Cache), false)
#7 D:\wamp64\www\HappyPunch\index.php(44): CodeIgniter\CodeIgniter->run()
#8 {main}
CRITICAL - 2021-05-04 03:44:30 --> validateUser is not a valid rule.
#0 D:\wamp64\www\HappyPunch\system\Validation\Validation.php(314): CodeIgniter\Validation\Exceptions\ValidationException::forRuleNotFound('validateUser')
#1 D:\wamp64\www\HappyPunch\system\Validation\Validation.php(164): CodeIgniter\Validation\Validation->processRules('password', 'password', 'asdfsdfasdfasdf...', Array, Array)
#2 D:\wamp64\www\HappyPunch\system\Controller.php(181): CodeIgniter\Validation\Validation->run()
#3 D:\wamp64\www\HappyPunch\app\Controllers\User.php(26): CodeIgniter\Controller->validate(Array, Array)
#4 D:\wamp64\www\HappyPunch\system\CodeIgniter.php(936): App\Controllers\User->login()
#5 D:\wamp64\www\HappyPunch\system\CodeIgniter.php(432): CodeIgniter\CodeIgniter->runController(Object(App\Controllers\User))
#6 D:\wamp64\www\HappyPunch\system\CodeIgniter.php(333): CodeIgniter\CodeIgniter->handleRequest(NULL, Object(Config\Cache), false)
#7 D:\wamp64\www\HappyPunch\index.php(44): CodeIgniter\CodeIgniter->run()
#8 {main}
CRITICAL - 2021-05-04 03:44:40 --> validateUser is not a valid rule.
#0 D:\wamp64\www\HappyPunch\system\Validation\Validation.php(314): CodeIgniter\Validation\Exceptions\ValidationException::forRuleNotFound('validateUser')
#1 D:\wamp64\www\HappyPunch\system\Validation\Validation.php(164): CodeIgniter\Validation\Validation->processRules('password', 'password', 'asdfsdfasdfasdf...', Array, Array)
#2 D:\wamp64\www\HappyPunch\system\Controller.php(181): CodeIgniter\Validation\Validation->run()
#3 D:\wamp64\www\HappyPunch\app\Controllers\User.php(22): CodeIgniter\Controller->validate(Array)
#4 D:\wamp64\www\HappyPunch\system\CodeIgniter.php(936): App\Controllers\User->login()
#5 D:\wamp64\www\HappyPunch\system\CodeIgniter.php(432): CodeIgniter\CodeIgniter->runController(Object(App\Controllers\User))
#6 D:\wamp64\www\HappyPunch\system\CodeIgniter.php(333): CodeIgniter\CodeIgniter->handleRequest(NULL, Object(Config\Cache), false)
#7 D:\wamp64\www\HappyPunch\index.php(44): CodeIgniter\CodeIgniter->run()
#8 {main}
CRITICAL - 2021-05-04 03:45:28 --> validateUser is not a valid rule.
#0 D:\wamp64\www\HappyPunch\system\Validation\Validation.php(314): CodeIgniter\Validation\Exceptions\ValidationException::forRuleNotFound('validateUser')
#1 D:\wamp64\www\HappyPunch\system\Validation\Validation.php(164): CodeIgniter\Validation\Validation->processRules('password', 'password', 'asdfsdfasdfasdf...', Array, Array)
#2 D:\wamp64\www\HappyPunch\system\Controller.php(181): CodeIgniter\Validation\Validation->run()
#3 D:\wamp64\www\HappyPunch\app\Controllers\User.php(26): CodeIgniter\Controller->validate(Array)
#4 D:\wamp64\www\HappyPunch\system\CodeIgniter.php(936): App\Controllers\User->login()
#5 D:\wamp64\www\HappyPunch\system\CodeIgniter.php(432): CodeIgniter\CodeIgniter->runController(Object(App\Controllers\User))
#6 D:\wamp64\www\HappyPunch\system\CodeIgniter.php(333): CodeIgniter\CodeIgniter->handleRequest(NULL, Object(Config\Cache), false)
#7 D:\wamp64\www\HappyPunch\index.php(44): CodeIgniter\CodeIgniter->run()
#8 {main}
CRITICAL - 2021-05-04 03:45:37 --> validateUser is not a valid rule.
#0 D:\wamp64\www\HappyPunch\system\Validation\Validation.php(314): CodeIgniter\Validation\Exceptions\ValidationException::forRuleNotFound('validateUser')
#1 D:\wamp64\www\HappyPunch\system\Validation\Validation.php(164): CodeIgniter\Validation\Validation->processRules('password', 'password', 'dasfasdfasdfasd...', Array, Array)
#2 D:\wamp64\www\HappyPunch\system\Controller.php(181): CodeIgniter\Validation\Validation->run()
#3 D:\wamp64\www\HappyPunch\app\Controllers\User.php(26): CodeIgniter\Controller->validate(Array)
#4 D:\wamp64\www\HappyPunch\system\CodeIgniter.php(936): App\Controllers\User->login()
#5 D:\wamp64\www\HappyPunch\system\CodeIgniter.php(432): CodeIgniter\CodeIgniter->runController(Object(App\Controllers\User))
#6 D:\wamp64\www\HappyPunch\system\CodeIgniter.php(333): CodeIgniter\CodeIgniter->handleRequest(NULL, Object(Config\Cache), false)
#7 D:\wamp64\www\HappyPunch\index.php(44): CodeIgniter\CodeIgniter->run()
#8 {main}
CRITICAL - 2021-05-04 03:46:46 --> validateUser is not a valid rule.
#0 D:\wamp64\www\HappyPunch\system\Validation\Validation.php(314): CodeIgniter\Validation\Exceptions\ValidationException::forRuleNotFound('validateUser')
#1 D:\wamp64\www\HappyPunch\system\Validation\Validation.php(164): CodeIgniter\Validation\Validation->processRules('password', 'password', 'dffffffffffffff...', Array, Array)
#2 D:\wamp64\www\HappyPunch\system\Controller.php(181): CodeIgniter\Validation\Validation->run()
#3 D:\wamp64\www\HappyPunch\app\Controllers\User.php(26): CodeIgniter\Controller->validate(Array)
#4 D:\wamp64\www\HappyPunch\system\CodeIgniter.php(936): App\Controllers\User->login()
#5 D:\wamp64\www\HappyPunch\system\CodeIgniter.php(432): CodeIgniter\CodeIgniter->runController(Object(App\Controllers\User))
#6 D:\wamp64\www\HappyPunch\system\CodeIgniter.php(333): CodeIgniter\CodeIgniter->handleRequest(NULL, Object(Config\Cache), false)
#7 D:\wamp64\www\HappyPunch\index.php(44): CodeIgniter\CodeIgniter->run()
#8 {main}
CRITICAL - 2021-05-04 03:46:49 --> validateUser is not a valid rule.
#0 D:\wamp64\www\HappyPunch\system\Validation\Validation.php(314): CodeIgniter\Validation\Exceptions\ValidationException::forRuleNotFound('validateUser')
#1 D:\wamp64\www\HappyPunch\system\Validation\Validation.php(164): CodeIgniter\Validation\Validation->processRules('password', 'password', 'fdasaaaaaaaaaaa...', Array, Array)
#2 D:\wamp64\www\HappyPunch\system\Controller.php(181): CodeIgniter\Validation\Validation->run()
#3 D:\wamp64\www\HappyPunch\app\Controllers\User.php(26): CodeIgniter\Controller->validate(Array)
#4 D:\wamp64\www\HappyPunch\system\CodeIgniter.php(936): App\Controllers\User->login()
#5 D:\wamp64\www\HappyPunch\system\CodeIgniter.php(432): CodeIgniter\CodeIgniter->runController(Object(App\Controllers\User))
#6 D:\wamp64\www\HappyPunch\system\CodeIgniter.php(333): CodeIgniter\CodeIgniter->handleRequest(NULL, Object(Config\Cache), false)
#7 D:\wamp64\www\HappyPunch\index.php(44): CodeIgniter\CodeIgniter->run()
#8 {main}
CRITICAL - 2021-05-04 03:46:51 --> validateUser is not a valid rule.
#0 D:\wamp64\www\HappyPunch\system\Validation\Validation.php(314): CodeIgniter\Validation\Exceptions\ValidationException::forRuleNotFound('validateUser')
#1 D:\wamp64\www\HappyPunch\system\Validation\Validation.php(164): CodeIgniter\Validation\Validation->processRules('password', 'password', 'fdasaaaaaaaaaaa...', Array, Array)
#2 D:\wamp64\www\HappyPunch\system\Controller.php(181): CodeIgniter\Validation\Validation->run()
#3 D:\wamp64\www\HappyPunch\app\Controllers\User.php(26): CodeIgniter\Controller->validate(Array)
#4 D:\wamp64\www\HappyPunch\system\CodeIgniter.php(936): App\Controllers\User->login()
#5 D:\wamp64\www\HappyPunch\system\CodeIgniter.php(432): CodeIgniter\CodeIgniter->runController(Object(App\Controllers\User))
#6 D:\wamp64\www\HappyPunch\system\CodeIgniter.php(333): CodeIgniter\CodeIgniter->handleRequest(NULL, Object(Config\Cache), false)
#7 D:\wamp64\www\HappyPunch\index.php(44): CodeIgniter\CodeIgniter->run()
#8 {main}
CRITICAL - 2021-05-04 03:49:36 --> validateUser is not a valid rule.
#0 D:\wamp64\www\HappyPunch\system\Validation\Validation.php(314): CodeIgniter\Validation\Exceptions\ValidationException::forRuleNotFound('validateUser')
#1 D:\wamp64\www\HappyPunch\system\Validation\Validation.php(164): CodeIgniter\Validation\Validation->processRules('password', 'password', 'asdfasdfasdfasd...', Array, Array)
#2 D:\wamp64\www\HappyPunch\system\Controller.php(181): CodeIgniter\Validation\Validation->run()
#3 D:\wamp64\www\HappyPunch\app\Controllers\User.php(20): CodeIgniter\Controller->validate(Array)
#4 D:\wamp64\www\HappyPunch\system\CodeIgniter.php(936): App\Controllers\User->login()
#5 D:\wamp64\www\HappyPunch\system\CodeIgniter.php(432): CodeIgniter\CodeIgniter->runController(Object(App\Controllers\User))
#6 D:\wamp64\www\HappyPunch\system\CodeIgniter.php(333): CodeIgniter\CodeIgniter->handleRequest(NULL, Object(Config\Cache), false)
#7 D:\wamp64\www\HappyPunch\index.php(44): CodeIgniter\CodeIgniter->run()
#8 {main}
CRITICAL - 2021-05-04 03:49:41 --> validateUser is not a valid rule.
#0 D:\wamp64\www\HappyPunch\system\Validation\Validation.php(314): CodeIgniter\Validation\Exceptions\ValidationException::forRuleNotFound('validateUser')
#1 D:\wamp64\www\HappyPunch\system\Validation\Validation.php(164): CodeIgniter\Validation\Validation->processRules('password', 'password', 'asdfasdfasdfasd...', Array, Array)
#2 D:\wamp64\www\HappyPunch\system\Controller.php(181): CodeIgniter\Validation\Validation->run()
#3 D:\wamp64\www\HappyPunch\app\Controllers\User.php(20): CodeIgniter\Controller->validate(Array)
#4 D:\wamp64\www\HappyPunch\system\CodeIgniter.php(936): App\Controllers\User->login()
#5 D:\wamp64\www\HappyPunch\system\CodeIgniter.php(432): CodeIgniter\CodeIgniter->runController(Object(App\Controllers\User))
#6 D:\wamp64\www\HappyPunch\system\CodeIgniter.php(333): CodeIgniter\CodeIgniter->handleRequest(NULL, Object(Config\Cache), false)
#7 D:\wamp64\www\HappyPunch\index.php(44): CodeIgniter\CodeIgniter->run()
#8 {main}
CRITICAL - 2021-05-04 03:56:49 --> validateUser is not a valid rule.
#0 D:\wamp64\www\HappyPunch\system\Validation\Validation.php(314): CodeIgniter\Validation\Exceptions\ValidationException::forRuleNotFound('validateUser')
#1 D:\wamp64\www\HappyPunch\system\Validation\Validation.php(164): CodeIgniter\Validation\Validation->processRules('password', 'password', 'hdfhdfgh', Array, Array)
#2 D:\wamp64\www\HappyPunch\system\Controller.php(181): CodeIgniter\Validation\Validation->run()
#3 D:\wamp64\www\HappyPunch\app\Controllers\User.php(26): CodeIgniter\Controller->validate(Array, Array)
#4 D:\wamp64\www\HappyPunch\system\CodeIgniter.php(936): App\Controllers\User->login()
#5 D:\wamp64\www\HappyPunch\system\CodeIgniter.php(432): CodeIgniter\CodeIgniter->runController(Object(App\Controllers\User))
#6 D:\wamp64\www\HappyPunch\system\CodeIgniter.php(333): CodeIgniter\CodeIgniter->handleRequest(NULL, Object(Config\Cache), false)
#7 D:\wamp64\www\HappyPunch\index.php(44): CodeIgniter\CodeIgniter->run()
#8 {main}
CRITICAL - 2021-05-04 03:59:42 --> validateUser is not a valid rule.
#0 D:\wamp64\www\HappyPunch\system\Validation\Validation.php(314): CodeIgniter\Validation\Exceptions\ValidationException::forRuleNotFound('validateUser')
#1 D:\wamp64\www\HappyPunch\system\Validation\Validation.php(164): CodeIgniter\Validation\Validation->processRules('password', 'password', 'hdfhdfgh', Array, Array)
#2 D:\wamp64\www\HappyPunch\system\Controller.php(181): CodeIgniter\Validation\Validation->run()
#3 D:\wamp64\www\HappyPunch\app\Controllers\User.php(26): CodeIgniter\Controller->validate(Array, Array)
#4 D:\wamp64\www\HappyPunch\system\CodeIgniter.php(936): App\Controllers\User->login()
#5 D:\wamp64\www\HappyPunch\system\CodeIgniter.php(432): CodeIgniter\CodeIgniter->runController(Object(App\Controllers\User))
#6 D:\wamp64\www\HappyPunch\system\CodeIgniter.php(333): CodeIgniter\CodeIgniter->handleRequest(NULL, Object(Config\Cache), false)
#7 D:\wamp64\www\HappyPunch\index.php(44): CodeIgniter\CodeIgniter->run()
#8 {main}
CRITICAL - 2021-05-04 03:59:46 --> syntax error, unexpected 'endif' (T_ENDIF), expecting end of file
#0 D:\wamp64\www\HappyPunch\system\View\View.php(222): CodeIgniter\View\View->CodeIgniter\View\{closure}()
#1 D:\wamp64\www\HappyPunch\system\Common.php(1217): CodeIgniter\View\View->render('pages/login', Array, true)
#2 D:\wamp64\www\HappyPunch\app\Controllers\User.php(41): view('pages/login', Array)
#3 D:\wamp64\www\HappyPunch\system\CodeIgniter.php(936): App\Controllers\User->login()
#4 D:\wamp64\www\HappyPunch\system\CodeIgniter.php(432): CodeIgniter\CodeIgniter->runController(Object(App\Controllers\User))
#5 D:\wamp64\www\HappyPunch\system\CodeIgniter.php(333): CodeIgniter\CodeIgniter->handleRequest(NULL, Object(Config\Cache), false)
#6 D:\wamp64\www\HappyPunch\index.php(44): CodeIgniter\CodeIgniter->run()
#7 {main}
CRITICAL - 2021-05-04 04:01:53 --> syntax error, unexpected 'endif' (T_ENDIF), expecting end of file
#0 D:\wamp64\www\HappyPunch\system\View\View.php(222): CodeIgniter\View\View->CodeIgniter\View\{closure}()
#1 D:\wamp64\www\HappyPunch\system\Common.php(1217): CodeIgniter\View\View->render('pages/login', Array, true)
#2 D:\wamp64\www\HappyPunch\app\Controllers\User.php(41): view('pages/login', Array)
#3 D:\wamp64\www\HappyPunch\system\CodeIgniter.php(936): App\Controllers\User->login()
#4 D:\wamp64\www\HappyPunch\system\CodeIgniter.php(432): CodeIgniter\CodeIgniter->runController(Object(App\Controllers\User))
#5 D:\wamp64\www\HappyPunch\system\CodeIgniter.php(333): CodeIgniter\CodeIgniter->handleRequest(NULL, Object(Config\Cache), false)
#6 D:\wamp64\www\HappyPunch\index.php(44): CodeIgniter\CodeIgniter->run()
#7 {main}
CRITICAL - 2021-05-04 04:01:55 --> syntax error, unexpected 'endif' (T_ENDIF), expecting end of file
#0 D:\wamp64\www\HappyPunch\system\View\View.php(222): CodeIgniter\View\View->CodeIgniter\View\{closure}()
#1 D:\wamp64\www\HappyPunch\system\Common.php(1217): CodeIgniter\View\View->render('pages/login', Array, true)
#2 D:\wamp64\www\HappyPunch\app\Controllers\User.php(41): view('pages/login', Array)
#3 D:\wamp64\www\HappyPunch\system\CodeIgniter.php(936): App\Controllers\User->login()
#4 D:\wamp64\www\HappyPunch\system\CodeIgniter.php(432): CodeIgniter\CodeIgniter->runController(Object(App\Controllers\User))
#5 D:\wamp64\www\HappyPunch\system\CodeIgniter.php(333): CodeIgniter\CodeIgniter->handleRequest(NULL, Object(Config\Cache), false)
#6 D:\wamp64\www\HappyPunch\index.php(44): CodeIgniter\CodeIgniter->run()
#7 {main}
CRITICAL - 2021-05-04 04:02:15 --> validateUser is not a valid rule.
#0 D:\wamp64\www\HappyPunch\system\Validation\Validation.php(314): CodeIgniter\Validation\Exceptions\ValidationException::forRuleNotFound('validateUser')
#1 D:\wamp64\www\HappyPunch\system\Validation\Validation.php(164): CodeIgniter\Validation\Validation->processRules('password', 'password', 'dghdfhdfhdfh', Array, Array)
#2 D:\wamp64\www\HappyPunch\system\Controller.php(181): CodeIgniter\Validation\Validation->run()
#3 D:\wamp64\www\HappyPunch\app\Controllers\User.php(26): CodeIgniter\Controller->validate(Array, Array)
#4 D:\wamp64\www\HappyPunch\system\CodeIgniter.php(936): App\Controllers\User->login()
#5 D:\wamp64\www\HappyPunch\system\CodeIgniter.php(432): CodeIgniter\CodeIgniter->runController(Object(App\Controllers\User))
#6 D:\wamp64\www\HappyPunch\system\CodeIgniter.php(333): CodeIgniter\CodeIgniter->handleRequest(NULL, Object(Config\Cache), false)
#7 D:\wamp64\www\HappyPunch\index.php(44): CodeIgniter\CodeIgniter->run()
#8 {main}
CRITICAL - 2021-05-04 04:02:28 --> validateUser is not a valid rule.
#0 D:\wamp64\www\HappyPunch\system\Validation\Validation.php(314): CodeIgniter\Validation\Exceptions\ValidationException::forRuleNotFound('validateUser')
#1 D:\wamp64\www\HappyPunch\system\Validation\Validation.php(164): CodeIgniter\Validation\Validation->processRules('password', 'password', 'dghdfhdfhdfh', Array, Array)
#2 D:\wamp64\www\HappyPunch\system\Controller.php(181): CodeIgniter\Validation\Validation->run()
#3 D:\wamp64\www\HappyPunch\app\Controllers\User.php(26): CodeIgniter\Controller->validate(Array, Array)
#4 D:\wamp64\www\HappyPunch\system\CodeIgniter.php(936): App\Controllers\User->login()
#5 D:\wamp64\www\HappyPunch\system\CodeIgniter.php(432): CodeIgniter\CodeIgniter->runController(Object(App\Controllers\User))
#6 D:\wamp64\www\HappyPunch\system\CodeIgniter.php(333): CodeIgniter\CodeIgniter->handleRequest(NULL, Object(Config\Cache), false)
#7 D:\wamp64\www\HappyPunch\index.php(44): CodeIgniter\CodeIgniter->run()
#8 {main}
CRITICAL - 2021-05-04 04:02:39 --> validateUser is not a valid rule.
#0 D:\wamp64\www\HappyPunch\system\Validation\Validation.php(314): CodeIgniter\Validation\Exceptions\ValidationException::forRuleNotFound('validateUser')
#1 D:\wamp64\www\HappyPunch\system\Validation\Validation.php(164): CodeIgniter\Validation\Validation->processRules('password', 'password', 'sdSAsasfdgsdfg', Array, Array)
#2 D:\wamp64\www\HappyPunch\system\Controller.php(181): CodeIgniter\Validation\Validation->run()
#3 D:\wamp64\www\HappyPunch\app\Controllers\User.php(26): CodeIgniter\Controller->validate(Array, Array)
#4 D:\wamp64\www\HappyPunch\system\CodeIgniter.php(936): App\Controllers\User->login()
#5 D:\wamp64\www\HappyPunch\system\CodeIgniter.php(432): CodeIgniter\CodeIgniter->runController(Object(App\Controllers\User))
#6 D:\wamp64\www\HappyPunch\system\CodeIgniter.php(333): CodeIgniter\CodeIgniter->handleRequest(NULL, Object(Config\Cache), false)
#7 D:\wamp64\www\HappyPunch\index.php(44): CodeIgniter\CodeIgniter->run()
#8 {main}
CRITICAL - 2021-05-04 04:11:45 --> validateUser is not a valid rule.
#0 D:\wamp64\www\HappyPunch\system\Validation\Validation.php(314): CodeIgniter\Validation\Exceptions\ValidationException::forRuleNotFound('validateUser')
#1 D:\wamp64\www\HappyPunch\system\Validation\Validation.php(164): CodeIgniter\Validation\Validation->processRules('password', 'password', 'sdfgsdfgsdfgsdf...', Array, Array)
#2 D:\wamp64\www\HappyPunch\system\Controller.php(181): CodeIgniter\Validation\Validation->run()
#3 D:\wamp64\www\HappyPunch\app\Controllers\User.php(26): CodeIgniter\Controller->validate(Array, Array)
#4 D:\wamp64\www\HappyPunch\system\CodeIgniter.php(936): App\Controllers\User->login()
#5 D:\wamp64\www\HappyPunch\system\CodeIgniter.php(432): CodeIgniter\CodeIgniter->runController(Object(App\Controllers\User))
#6 D:\wamp64\www\HappyPunch\system\CodeIgniter.php(333): CodeIgniter\CodeIgniter->handleRequest(NULL, Object(Config\Cache), false)
#7 D:\wamp64\www\HappyPunch\index.php(44): CodeIgniter\CodeIgniter->run()
#8 {main}
CRITICAL - 2021-05-04 04:11:55 --> validateUser is not a valid rule.
#0 D:\wamp64\www\HappyPunch\system\Validation\Validation.php(314): CodeIgniter\Validation\Exceptions\ValidationException::forRuleNotFound('validateUser')
#1 D:\wamp64\www\HappyPunch\system\Validation\Validation.php(164): CodeIgniter\Validation\Validation->processRules('password', 'password', 'sdfgsdfgsdfgsdf...', Array, Array)
#2 D:\wamp64\www\HappyPunch\system\Controller.php(181): CodeIgniter\Validation\Validation->run()
#3 D:\wamp64\www\HappyPunch\app\Controllers\User.php(26): CodeIgniter\Controller->validate(Array, Array)
#4 D:\wamp64\www\HappyPunch\system\CodeIgniter.php(936): App\Controllers\User->login()
#5 D:\wamp64\www\HappyPunch\system\CodeIgniter.php(432): CodeIgniter\CodeIgniter->runController(Object(App\Controllers\User))
#6 D:\wamp64\www\HappyPunch\system\CodeIgniter.php(333): CodeIgniter\CodeIgniter->handleRequest(NULL, Object(Config\Cache), false)
#7 D:\wamp64\www\HappyPunch\index.php(44): CodeIgniter\CodeIgniter->run()
#8 {main}
CRITICAL - 2021-05-04 04:12:02 --> validateUser is not a valid rule.
#0 D:\wamp64\www\HappyPunch\system\Validation\Validation.php(314): CodeIgniter\Validation\Exceptions\ValidationException::forRuleNotFound('validateUser')
#1 D:\wamp64\www\HappyPunch\system\Validation\Validation.php(164): CodeIgniter\Validation\Validation->processRules('password', 'password', 'sdfgsdfgsdfgsdf...', Array, Array)
#2 D:\wamp64\www\HappyPunch\system\Controller.php(181): CodeIgniter\Validation\Validation->run()
#3 D:\wamp64\www\HappyPunch\app\Controllers\User.php(26): CodeIgniter\Controller->validate(Array, Array)
#4 D:\wamp64\www\HappyPunch\system\CodeIgniter.php(936): App\Controllers\User->login()
#5 D:\wamp64\www\HappyPunch\system\CodeIgniter.php(432): CodeIgniter\CodeIgniter->runController(Object(App\Controllers\User))
#6 D:\wamp64\www\HappyPunch\system\CodeIgniter.php(333): CodeIgniter\CodeIgniter->handleRequest(NULL, Object(Config\Cache), false)
#7 D:\wamp64\www\HappyPunch\index.php(44): CodeIgniter\CodeIgniter->run()
#8 {main}
CRITICAL - 2021-05-04 04:12:14 --> validateUser is not a valid rule.
#0 D:\wamp64\www\HappyPunch\system\Validation\Validation.php(314): CodeIgniter\Validation\Exceptions\ValidationException::forRuleNotFound('validateUser')
#1 D:\wamp64\www\HappyPunch\system\Validation\Validation.php(164): CodeIgniter\Validation\Validation->processRules('password', 'password', 'asdasdfsdfsdf', Array, Array)
#2 D:\wamp64\www\HappyPunch\system\Controller.php(181): CodeIgniter\Validation\Validation->run()
#3 D:\wamp64\www\HappyPunch\app\Controllers\User.php(26): CodeIgniter\Controller->validate(Array, Array)
#4 D:\wamp64\www\HappyPunch\system\CodeIgniter.php(936): App\Controllers\User->login()
#5 D:\wamp64\www\HappyPunch\system\CodeIgniter.php(432): CodeIgniter\CodeIgniter->runController(Object(App\Controllers\User))
#6 D:\wamp64\www\HappyPunch\system\CodeIgniter.php(333): CodeIgniter\CodeIgniter->handleRequest(NULL, Object(Config\Cache), false)
#7 D:\wamp64\www\HappyPunch\index.php(44): CodeIgniter\CodeIgniter->run()
#8 {main}
